{"level":"INFO","message":"[4:17:12.753 PM]: Creating new connection object"}
{"level":"INFO","message":"[4:17:12.774 PM]: Creating Connection[id: 20171fd3-4283-44e6-95e5-c8f5c16b6456] with host: EBQVWVE-HQ46962.snowflakecomputing.com, account: EBQVWVE-HQ46962, accessUrl: https://EBQVWVE-HQ46962.snowflakecomputing.com, user: OHOOHOHOH, role: undefined, database: USER$OHOOHOHOH, schema: PUBLIC, warehouse: COMPUTE_WH, proxy was not configured, password is provided, region: undefined, authenticator: SNOWFLAKE, ocsp mode: FAIL_OPEN, os: darwin, os version: 23.4.0"}
{"level":"INFO","message":"[4:17:12.775 PM]: Connection[id: 20171fd3-4283-44e6-95e5-c8f5c16b6456] additional details: passcode in password is provided, passcode is not provided, private key is not provided, application: undefined, client name: snowflake-sdk, client version: 2.3.6, retry timeout: 300, private key path: undefined, private key pass is not provided, client store temporary credential: false, browser response timeout: 120000"}
{"level":"INFO","message":"[4:17:12.775 PM]: Connection[id: 20171fd3-4283-44e6-95e5-c8f5c16b6456] - connection object created successfully."}
{"level":"INFO","message":"[4:17:12.775 PM]: Connection[id: 20171fd3-4283-44e6-95e5-c8f5c16b6456] - async connecting. Associated Snowflake domain: GLOBAL"}
{"level":"INFO","message":"[4:17:12.776 PM]: Trying to initialize Easy Logging"}
{"level":"INFO","message":"[4:17:12.778 PM]: No client config detected."}
{"level":"INFO","message":"[4:17:12.778 PM]: No config file path found. Client config will not be used."}
{"level":"INFO","message":"[4:17:12.778 PM]: Easy Logging is disabled as no config has been found"}
{"level":"INFO","message":"[4:17:12.779 PM]: Connection[id: 20171fd3-4283-44e6-95e5-c8f5c16b6456] - authentication successful using: SNOWFLAKE"}
{"level":"INFO","message":"[4:17:13.663 PM]: Connection[id: 20171fd3-4283-44e6-95e5-c8f5c16b6456] - connection established successfully after 887.95 milliseconds"}
{"level":"INFO","message":"[4:17:13.666 PM]: Creating new connection object"}
{"level":"INFO","message":"[4:17:13.668 PM]: Creating Connection[id: f605d681-e7be-4d4a-9bab-b0297f4baad5] with host: EBQVWVE-HQ46962.snowflakecomputing.com, account: EBQVWVE-HQ46962, accessUrl: https://EBQVWVE-HQ46962.snowflakecomputing.com, user: OHOOHOHOH, role: undefined, database: USER$OHOOHOHOH, schema: PUBLIC, warehouse: COMPUTE_WH, proxy was not configured, password is provided, region: undefined, authenticator: SNOWFLAKE, ocsp mode: FAIL_OPEN, os: darwin, os version: 23.4.0"}
{"level":"INFO","message":"[4:17:13.669 PM]: Connection[id: f605d681-e7be-4d4a-9bab-b0297f4baad5] additional details: passcode in password is provided, passcode is not provided, private key is not provided, application: undefined, client name: snowflake-sdk, client version: 2.3.6, retry timeout: 300, private key path: undefined, private key pass is not provided, client store temporary credential: false, browser response timeout: 120000"}
{"level":"INFO","message":"[4:17:13.669 PM]: Connection[id: f605d681-e7be-4d4a-9bab-b0297f4baad5] - connection object created successfully."}
{"level":"INFO","message":"[4:17:13.669 PM]: Connection[id: f605d681-e7be-4d4a-9bab-b0297f4baad5] - async connecting. Associated Snowflake domain: GLOBAL"}
{"level":"INFO","message":"[4:17:13.669 PM]: Connection[id: f605d681-e7be-4d4a-9bab-b0297f4baad5] - authentication successful using: SNOWFLAKE"}
{"level":"INFO","message":"[4:17:14.200 PM]: Connection[id: f605d681-e7be-4d4a-9bab-b0297f4baad5] - connection established successfully after 531.24 milliseconds"}
{"level":"INFO","message":"[4:21:12.462 PM]: Creating new connection object"}
{"level":"INFO","message":"[4:21:12.465 PM]: Creating Connection[id: 94e8dd1a-dd94-4f18-a0d9-c7b9a49cbdd1] with host: EBQVWVE-HQ46962.snowflakecomputing.com, account: EBQVWVE-HQ46962, accessUrl: https://EBQVWVE-HQ46962.snowflakecomputing.com, user: OHOOHOHOH, role: undefined, database: USER$OHOOHOHOH, schema: AD_DATA, warehouse: COMPUTE_WH, proxy was not configured, password is provided, region: undefined, authenticator: SNOWFLAKE, ocsp mode: FAIL_OPEN, os: darwin, os version: 23.4.0"}
{"level":"INFO","message":"[4:21:12.466 PM]: Connection[id: 94e8dd1a-dd94-4f18-a0d9-c7b9a49cbdd1] additional details: passcode in password is provided, passcode is not provided, private key is not provided, application: undefined, client name: snowflake-sdk, client version: 2.3.6, retry timeout: 300, private key path: undefined, private key pass is not provided, client store temporary credential: false, browser response timeout: 120000"}
{"level":"INFO","message":"[4:21:12.466 PM]: Connection[id: 94e8dd1a-dd94-4f18-a0d9-c7b9a49cbdd1] - connection object created successfully."}
{"level":"INFO","message":"[4:21:12.466 PM]: Connection[id: 94e8dd1a-dd94-4f18-a0d9-c7b9a49cbdd1] - async connecting. Associated Snowflake domain: GLOBAL"}
{"level":"INFO","message":"[4:21:12.467 PM]: Connection[id: 94e8dd1a-dd94-4f18-a0d9-c7b9a49cbdd1] - authentication successful using: SNOWFLAKE"}
{"level":"INFO","message":"[4:21:12.977 PM]: Connection[id: 94e8dd1a-dd94-4f18-a0d9-c7b9a49cbdd1] - connection established successfully after 510.81 milliseconds"}
{"level":"INFO","message":"[4:21:12.978 PM]: Creating new connection object"}
{"level":"INFO","message":"[4:21:12.978 PM]: Creating Connection[id: c7b66b3a-9a79-4c5c-b207-24630663fe34] with host: EBQVWVE-HQ46962.snowflakecomputing.com, account: EBQVWVE-HQ46962, accessUrl: https://EBQVWVE-HQ46962.snowflakecomputing.com, user: OHOOHOHOH, role: undefined, database: USER$OHOOHOHOH, schema: AD_DATA, warehouse: COMPUTE_WH, proxy was not configured, password is provided, region: undefined, authenticator: SNOWFLAKE, ocsp mode: FAIL_OPEN, os: darwin, os version: 23.4.0"}
{"level":"INFO","message":"[4:21:12.978 PM]: Connection[id: c7b66b3a-9a79-4c5c-b207-24630663fe34] additional details: passcode in password is provided, passcode is not provided, private key is not provided, application: undefined, client name: snowflake-sdk, client version: 2.3.6, retry timeout: 300, private key path: undefined, private key pass is not provided, client store temporary credential: false, browser response timeout: 120000"}
{"level":"INFO","message":"[4:21:12.978 PM]: Connection[id: c7b66b3a-9a79-4c5c-b207-24630663fe34] - connection object created successfully."}
{"level":"INFO","message":"[4:21:12.979 PM]: Connection[id: c7b66b3a-9a79-4c5c-b207-24630663fe34] - async connecting. Associated Snowflake domain: GLOBAL"}
{"level":"INFO","message":"[4:21:12.979 PM]: Connection[id: c7b66b3a-9a79-4c5c-b207-24630663fe34] - authentication successful using: SNOWFLAKE"}
{"level":"INFO","message":"[4:21:13.444 PM]: Connection[id: c7b66b3a-9a79-4c5c-b207-24630663fe34] - connection established successfully after 465.74 milliseconds"}
{"level":"INFO","message":"[4:21:48.096 PM]: Creating new connection object"}
{"level":"INFO","message":"[4:21:48.097 PM]: Creating Connection[id: 21ec24ba-f784-4e80-8fd0-f6827cc7f2a2] with host: EBQVWVE-HQ46962.snowflakecomputing.com, account: EBQVWVE-HQ46962, accessUrl: https://EBQVWVE-HQ46962.snowflakecomputing.com, user: OHOOHOHOH, role: undefined, database: CLUEZERO_DEV, schema: AD_DATA, warehouse: COMPUTE_WH, proxy was not configured, password is provided, region: undefined, authenticator: SNOWFLAKE, ocsp mode: FAIL_OPEN, os: darwin, os version: 23.4.0"}
{"level":"INFO","message":"[4:21:48.098 PM]: Connection[id: 21ec24ba-f784-4e80-8fd0-f6827cc7f2a2] additional details: passcode in password is provided, passcode is not provided, private key is not provided, application: undefined, client name: snowflake-sdk, client version: 2.3.6, retry timeout: 300, private key path: undefined, private key pass is not provided, client store temporary credential: false, browser response timeout: 120000"}
{"level":"INFO","message":"[4:21:48.098 PM]: Connection[id: 21ec24ba-f784-4e80-8fd0-f6827cc7f2a2] - connection object created successfully."}
{"level":"INFO","message":"[4:21:48.098 PM]: Connection[id: 21ec24ba-f784-4e80-8fd0-f6827cc7f2a2] - async connecting. Associated Snowflake domain: GLOBAL"}
{"level":"INFO","message":"[4:21:48.099 PM]: Connection[id: 21ec24ba-f784-4e80-8fd0-f6827cc7f2a2] - authentication successful using: SNOWFLAKE"}
{"level":"INFO","message":"[4:21:48.512 PM]: Connection[id: 21ec24ba-f784-4e80-8fd0-f6827cc7f2a2] - connection established successfully after 413.4 milliseconds"}
{"level":"INFO","message":"[4:21:48.514 PM]: Creating new connection object"}
{"level":"INFO","message":"[4:21:48.515 PM]: Creating Connection[id: 826bf932-3d2c-4147-96c2-f847aee11e7d] with host: EBQVWVE-HQ46962.snowflakecomputing.com, account: EBQVWVE-HQ46962, accessUrl: https://EBQVWVE-HQ46962.snowflakecomputing.com, user: OHOOHOHOH, role: undefined, database: CLUEZERO_DEV, schema: AD_DATA, warehouse: COMPUTE_WH, proxy was not configured, password is provided, region: undefined, authenticator: SNOWFLAKE, ocsp mode: FAIL_OPEN, os: darwin, os version: 23.4.0"}
{"level":"INFO","message":"[4:21:48.516 PM]: Connection[id: 826bf932-3d2c-4147-96c2-f847aee11e7d] additional details: passcode in password is provided, passcode is not provided, private key is not provided, application: undefined, client name: snowflake-sdk, client version: 2.3.6, retry timeout: 300, private key path: undefined, private key pass is not provided, client store temporary credential: false, browser response timeout: 120000"}
{"level":"INFO","message":"[4:21:48.516 PM]: Connection[id: 826bf932-3d2c-4147-96c2-f847aee11e7d] - connection object created successfully."}
{"level":"INFO","message":"[4:21:48.516 PM]: Connection[id: 826bf932-3d2c-4147-96c2-f847aee11e7d] - async connecting. Associated Snowflake domain: GLOBAL"}
{"level":"INFO","message":"[4:21:48.516 PM]: Connection[id: 826bf932-3d2c-4147-96c2-f847aee11e7d] - authentication successful using: SNOWFLAKE"}
{"level":"INFO","message":"[4:21:48.663 PM]: Connection[id: 826bf932-3d2c-4147-96c2-f847aee11e7d] - connection established successfully after 147.53 milliseconds"}
{"level":"INFO","message":"[4:22:14.453 PM]: Creating new connection object"}
{"level":"INFO","message":"[4:22:14.458 PM]: Creating Connection[id: bf5750e9-7415-4671-a827-a1f9f46fe205] with host: EBQVWVE-HQ46962.snowflakecomputing.com, account: EBQVWVE-HQ46962, accessUrl: https://EBQVWVE-HQ46962.snowflakecomputing.com, user: OHOOHOHOH, role: undefined, database: CLUEZERO_DEV, schema: AD_DATA, warehouse: COMPUTE_WH, proxy was not configured, password is provided, region: undefined, authenticator: SNOWFLAKE, ocsp mode: FAIL_OPEN, os: darwin, os version: 23.4.0"}
{"level":"INFO","message":"[4:22:14.458 PM]: Connection[id: bf5750e9-7415-4671-a827-a1f9f46fe205] additional details: passcode in password is provided, passcode is not provided, private key is not provided, application: undefined, client name: snowflake-sdk, client version: 2.3.6, retry timeout: 300, private key path: undefined, private key pass is not provided, client store temporary credential: false, browser response timeout: 120000"}
{"level":"INFO","message":"[4:22:14.458 PM]: Connection[id: bf5750e9-7415-4671-a827-a1f9f46fe205] - connection object created successfully."}
{"level":"INFO","message":"[4:22:14.459 PM]: Connection[id: bf5750e9-7415-4671-a827-a1f9f46fe205] - async connecting. Associated Snowflake domain: GLOBAL"}
{"level":"INFO","message":"[4:22:14.459 PM]: Connection[id: bf5750e9-7415-4671-a827-a1f9f46fe205] - authentication successful using: SNOWFLAKE"}
{"level":"INFO","message":"[4:22:14.828 PM]: Connection[id: bf5750e9-7415-4671-a827-a1f9f46fe205] - connection established successfully after 369.53 milliseconds"}
{"level":"INFO","message":"[4:27:17.433 PM]: Creating new connection object"}
{"level":"INFO","message":"[4:27:17.435 PM]: Creating Connection[id: ffd35376-3157-464a-b4a4-7a67236e85be] with host: EBQVWVE-HQ46962.snowflakecomputing.com, account: EBQVWVE-HQ46962, accessUrl: https://EBQVWVE-HQ46962.snowflakecomputing.com, user: OHOOHOHOH, role: undefined, database: CLUEZERO_DEV, schema: AD_DATA, warehouse: COMPUTE_WH, proxy was not configured, password is provided, region: undefined, authenticator: SNOWFLAKE, ocsp mode: FAIL_OPEN, os: darwin, os version: 23.4.0"}
{"level":"INFO","message":"[4:27:17.436 PM]: Connection[id: ffd35376-3157-464a-b4a4-7a67236e85be] additional details: passcode in password is provided, passcode is not provided, private key is not provided, application: undefined, client name: snowflake-sdk, client version: 2.3.6, retry timeout: 300, private key path: undefined, private key pass is not provided, client store temporary credential: false, browser response timeout: 120000"}
{"level":"INFO","message":"[4:27:17.436 PM]: Connection[id: ffd35376-3157-464a-b4a4-7a67236e85be] - connection object created successfully."}
{"level":"INFO","message":"[4:27:17.436 PM]: Connection[id: ffd35376-3157-464a-b4a4-7a67236e85be] - async connecting. Associated Snowflake domain: GLOBAL"}
{"level":"INFO","message":"[4:27:17.436 PM]: Connection[id: ffd35376-3157-464a-b4a4-7a67236e85be] - authentication successful using: SNOWFLAKE"}
{"level":"ERROR","message":"[4:27:17.923 PM]: Connection[id: ffd35376-3157-464a-b4a4-7a67236e85be] - connection failed after 486.38 milliseconds. Error: Incorrect username or password was specified."}
{"level":"INFO","message":"[4:27:46.031 PM]: Creating new connection object"}
{"level":"INFO","message":"[4:27:46.033 PM]: Creating Connection[id: 67e62e36-1337-443e-93b5-57dd82bc90b8] with host: EBQVWVE-HQ46962.snowflakecomputing.com, account: EBQVWVE-HQ46962, accessUrl: https://EBQVWVE-HQ46962.snowflakecomputing.com, user: OHOOHOHOH, role: undefined, database: CLUEZERO_DEV, schema: AD_DATA, warehouse: COMPUTE_WH, proxy was not configured, password is provided, region: undefined, authenticator: SNOWFLAKE, ocsp mode: FAIL_OPEN, os: darwin, os version: 23.4.0"}
{"level":"INFO","message":"[4:27:46.033 PM]: Connection[id: 67e62e36-1337-443e-93b5-57dd82bc90b8] additional details: passcode in password is provided, passcode is not provided, private key is not provided, application: undefined, client name: snowflake-sdk, client version: 2.3.6, retry timeout: 300, private key path: undefined, private key pass is not provided, client store temporary credential: false, browser response timeout: 120000"}
{"level":"INFO","message":"[4:27:46.034 PM]: Connection[id: 67e62e36-1337-443e-93b5-57dd82bc90b8] - connection object created successfully."}
{"level":"INFO","message":"[4:27:46.034 PM]: Connection[id: 67e62e36-1337-443e-93b5-57dd82bc90b8] - async connecting. Associated Snowflake domain: GLOBAL"}
{"level":"INFO","message":"[4:27:46.034 PM]: Connection[id: 67e62e36-1337-443e-93b5-57dd82bc90b8] - authentication successful using: SNOWFLAKE"}
{"level":"ERROR","message":"[4:27:46.402 PM]: Connection[id: 67e62e36-1337-443e-93b5-57dd82bc90b8] - connection failed after 368.64 milliseconds. Error: Incorrect username or password was specified."}
{"level":"INFO","message":"[4:28:01.913 PM]: Creating new connection object"}
{"level":"INFO","message":"[4:28:01.916 PM]: Creating Connection[id: bb310fa0-35f5-4800-9fcc-39af2a273991] with host: EBQVWVE-HQ46962.snowflakecomputing.com, account: EBQVWVE-HQ46962, accessUrl: https://EBQVWVE-HQ46962.snowflakecomputing.com, user: OHOOHOHOH, role: undefined, database: CLUEZERO_DEV, schema: AD_DATA, warehouse: COMPUTE_WH, proxy was not configured, password is provided, region: undefined, authenticator: SNOWFLAKE, ocsp mode: FAIL_OPEN, os: darwin, os version: 23.4.0"}
{"level":"INFO","message":"[4:28:01.916 PM]: Connection[id: bb310fa0-35f5-4800-9fcc-39af2a273991] additional details: passcode in password is provided, passcode is not provided, private key is not provided, application: undefined, client name: snowflake-sdk, client version: 2.3.6, retry timeout: 300, private key path: undefined, private key pass is not provided, client store temporary credential: false, browser response timeout: 120000"}
{"level":"INFO","message":"[4:28:01.916 PM]: Connection[id: bb310fa0-35f5-4800-9fcc-39af2a273991] - connection object created successfully."}
{"level":"INFO","message":"[4:28:01.917 PM]: Connection[id: bb310fa0-35f5-4800-9fcc-39af2a273991] - async connecting. Associated Snowflake domain: GLOBAL"}
{"level":"INFO","message":"[4:28:01.917 PM]: Connection[id: bb310fa0-35f5-4800-9fcc-39af2a273991] - authentication successful using: SNOWFLAKE"}
{"level":"INFO","message":"[4:28:02.379 PM]: Connection[id: bb310fa0-35f5-4800-9fcc-39af2a273991] - connection established successfully after 461.95 milliseconds"}
{"level":"INFO","message":"[4:28:02.380 PM]: Creating new connection object"}
{"level":"INFO","message":"[4:28:02.380 PM]: Creating Connection[id: 9b22e71f-1970-4df1-9c72-742ea90024ec] with host: EBQVWVE-HQ46962.snowflakecomputing.com, account: EBQVWVE-HQ46962, accessUrl: https://EBQVWVE-HQ46962.snowflakecomputing.com, user: OHOOHOHOH, role: undefined, database: CLUEZERO_DEV, schema: AD_DATA, warehouse: COMPUTE_WH, proxy was not configured, password is provided, region: undefined, authenticator: SNOWFLAKE, ocsp mode: FAIL_OPEN, os: darwin, os version: 23.4.0"}
{"level":"INFO","message":"[4:28:02.380 PM]: Connection[id: 9b22e71f-1970-4df1-9c72-742ea90024ec] additional details: passcode in password is provided, passcode is not provided, private key is not provided, application: undefined, client name: snowflake-sdk, client version: 2.3.6, retry timeout: 300, private key path: undefined, private key pass is not provided, client store temporary credential: false, browser response timeout: 120000"}
{"level":"INFO","message":"[4:28:02.381 PM]: Connection[id: 9b22e71f-1970-4df1-9c72-742ea90024ec] - connection object created successfully."}
{"level":"INFO","message":"[4:28:02.381 PM]: Connection[id: 9b22e71f-1970-4df1-9c72-742ea90024ec] - async connecting. Associated Snowflake domain: GLOBAL"}
{"level":"INFO","message":"[4:28:02.381 PM]: Connection[id: 9b22e71f-1970-4df1-9c72-742ea90024ec] - authentication successful using: SNOWFLAKE"}
{"level":"INFO","message":"[4:28:02.925 PM]: Connection[id: 9b22e71f-1970-4df1-9c72-742ea90024ec] - connection established successfully after 544.17 milliseconds"}
{"level":"INFO","message":"[4:28:09.729 PM]: Creating new connection object"}
{"level":"INFO","message":"[4:28:09.731 PM]: Creating Connection[id: e3ec53ad-2568-416f-ad76-a2058e558908] with host: EBQVWVE-HQ46962.snowflakecomputing.com, account: EBQVWVE-HQ46962, accessUrl: https://EBQVWVE-HQ46962.snowflakecomputing.com, user: OHOOHOHOH, role: undefined, database: CLUEZERO_DEV, schema: AD_DATA, warehouse: COMPUTE_WH, proxy was not configured, password is provided, region: undefined, authenticator: SNOWFLAKE, ocsp mode: FAIL_OPEN, os: darwin, os version: 23.4.0"}
{"level":"INFO","message":"[4:28:09.731 PM]: Connection[id: e3ec53ad-2568-416f-ad76-a2058e558908] additional details: passcode in password is provided, passcode is not provided, private key is not provided, application: undefined, client name: snowflake-sdk, client version: 2.3.6, retry timeout: 300, private key path: undefined, private key pass is not provided, client store temporary credential: false, browser response timeout: 120000"}
{"level":"INFO","message":"[4:28:09.732 PM]: Connection[id: e3ec53ad-2568-416f-ad76-a2058e558908] - connection object created successfully."}
{"level":"INFO","message":"[4:28:09.732 PM]: Connection[id: e3ec53ad-2568-416f-ad76-a2058e558908] - async connecting. Associated Snowflake domain: GLOBAL"}
{"level":"INFO","message":"[4:28:09.732 PM]: Connection[id: e3ec53ad-2568-416f-ad76-a2058e558908] - authentication successful using: SNOWFLAKE"}
{"level":"INFO","message":"[4:28:09.864 PM]: Connection[id: e3ec53ad-2568-416f-ad76-a2058e558908] - connection established successfully after 131.99 milliseconds"}
{"level":"INFO","message":"[4:30:09.824 PM]: Creating new connection object"}
{"level":"INFO","message":"[4:30:09.841 PM]: Creating Connection[id: e226b08a-5d68-4c62-8d5b-cc2ce0d4c168] with host: EBQVWVE-HQ46962.snowflakecomputing.com, account: EBQVWVE-HQ46962, accessUrl: https://EBQVWVE-HQ46962.snowflakecomputing.com, user: OHOOHOHOH, role: undefined, database: CLUEZERO_DEV, schema: AD_DATA, warehouse: COMPUTE_WH, proxy was not configured, password is provided, region: undefined, authenticator: SNOWFLAKE, ocsp mode: FAIL_OPEN, os: darwin, os version: 23.4.0"}
{"level":"INFO","message":"[4:30:09.841 PM]: Connection[id: e226b08a-5d68-4c62-8d5b-cc2ce0d4c168] additional details: passcode in password is provided, passcode is not provided, private key is not provided, application: undefined, client name: snowflake-sdk, client version: 2.3.6, retry timeout: 300, private key path: undefined, private key pass is not provided, client store temporary credential: false, browser response timeout: 120000"}
{"level":"INFO","message":"[4:30:09.842 PM]: Connection[id: e226b08a-5d68-4c62-8d5b-cc2ce0d4c168] - connection object created successfully."}
{"level":"INFO","message":"[4:30:09.842 PM]: Connection[id: e226b08a-5d68-4c62-8d5b-cc2ce0d4c168] - async connecting. Associated Snowflake domain: GLOBAL"}
{"level":"INFO","message":"[4:30:09.843 PM]: Trying to initialize Easy Logging"}
{"level":"INFO","message":"[4:30:09.845 PM]: No client config detected."}
{"level":"INFO","message":"[4:30:09.845 PM]: No config file path found. Client config will not be used."}
{"level":"INFO","message":"[4:30:09.845 PM]: Easy Logging is disabled as no config has been found"}
{"level":"INFO","message":"[4:30:09.846 PM]: Connection[id: e226b08a-5d68-4c62-8d5b-cc2ce0d4c168] - authentication successful using: SNOWFLAKE"}
{"level":"INFO","message":"[4:30:10.420 PM]: Connection[id: e226b08a-5d68-4c62-8d5b-cc2ce0d4c168] - connection established successfully after 577.29 milliseconds"}
{"level":"INFO","message":"[4:34:52.332 PM]: Creating new connection object"}
{"level":"INFO","message":"[4:34:52.351 PM]: Creating Connection[id: f1cdb838-2df7-46ee-899b-f86980d31b1c] with host: EBQVWVE-HQ46962.snowflakecomputing.com, account: EBQVWVE-HQ46962, accessUrl: https://EBQVWVE-HQ46962.snowflakecomputing.com, user: OHOOHOHOH, role: undefined, database: CLUEZERO_DEV, schema: AD_DATA, warehouse: COMPUTE_WH, proxy was not configured, password is provided, region: undefined, authenticator: SNOWFLAKE, ocsp mode: FAIL_OPEN, os: darwin, os version: 23.4.0"}
{"level":"INFO","message":"[4:34:52.352 PM]: Connection[id: f1cdb838-2df7-46ee-899b-f86980d31b1c] additional details: passcode in password is provided, passcode is not provided, private key is not provided, application: undefined, client name: snowflake-sdk, client version: 2.3.6, retry timeout: 300, private key path: undefined, private key pass is not provided, client store temporary credential: false, browser response timeout: 120000"}
{"level":"INFO","message":"[4:34:52.353 PM]: Connection[id: f1cdb838-2df7-46ee-899b-f86980d31b1c] - connection object created successfully."}
{"level":"INFO","message":"[4:34:52.353 PM]: Connection[id: f1cdb838-2df7-46ee-899b-f86980d31b1c] - async connecting. Associated Snowflake domain: GLOBAL"}
{"level":"INFO","message":"[4:34:52.354 PM]: Trying to initialize Easy Logging"}
{"level":"INFO","message":"[4:34:52.355 PM]: No client config detected."}
{"level":"INFO","message":"[4:34:52.356 PM]: No config file path found. Client config will not be used."}
{"level":"INFO","message":"[4:34:52.356 PM]: Easy Logging is disabled as no config has been found"}
{"level":"INFO","message":"[4:34:52.357 PM]: Connection[id: f1cdb838-2df7-46ee-899b-f86980d31b1c] - authentication successful using: SNOWFLAKE"}
{"level":"INFO","message":"[4:34:53.001 PM]: Connection[id: f1cdb838-2df7-46ee-899b-f86980d31b1c] - connection established successfully after 648.25 milliseconds"}
{"level":"INFO","message":"[4:35:25.741 PM]: Creating new connection object"}
{"level":"INFO","message":"[4:35:25.747 PM]: Creating Connection[id: 3cf4e1fa-cb90-4523-8640-962064c646ff] with host: EBQVWVE-HQ46962.snowflakecomputing.com, account: EBQVWVE-HQ46962, accessUrl: https://EBQVWVE-HQ46962.snowflakecomputing.com, user: OHOOHOHOH, role: undefined, database: CLUEZERO_DEV, schema: AD_DATA, warehouse: COMPUTE_WH, proxy was not configured, password is provided, region: undefined, authenticator: SNOWFLAKE, ocsp mode: FAIL_OPEN, os: darwin, os version: 23.4.0"}
{"level":"INFO","message":"[4:35:25.748 PM]: Connection[id: 3cf4e1fa-cb90-4523-8640-962064c646ff] additional details: passcode in password is provided, passcode is not provided, private key is not provided, application: undefined, client name: snowflake-sdk, client version: 2.3.6, retry timeout: 300, private key path: undefined, private key pass is not provided, client store temporary credential: false, browser response timeout: 120000"}
{"level":"INFO","message":"[4:35:25.748 PM]: Connection[id: 3cf4e1fa-cb90-4523-8640-962064c646ff] - connection object created successfully."}
{"level":"INFO","message":"[4:35:25.748 PM]: Connection[id: 3cf4e1fa-cb90-4523-8640-962064c646ff] - async connecting. Associated Snowflake domain: GLOBAL"}
{"level":"INFO","message":"[4:35:25.748 PM]: Connection[id: 3cf4e1fa-cb90-4523-8640-962064c646ff] - authentication successful using: SNOWFLAKE"}
{"level":"INFO","message":"[4:35:26.138 PM]: Connection[id: 3cf4e1fa-cb90-4523-8640-962064c646ff] - connection established successfully after 389.72 milliseconds"}
{"level":"INFO","message":"[4:38:34.955 PM]: Creating new connection object"}
{"level":"INFO","message":"[4:38:34.957 PM]: Creating Connection[id: ea1d37c0-82d8-43e9-84ba-028362f3bf28] with host: EBQVWVE-HQ46962.snowflakecomputing.com, account: EBQVWVE-HQ46962, accessUrl: https://EBQVWVE-HQ46962.snowflakecomputing.com, user: OHOOHOHOH, role: undefined, database: CLUEZERO_DEV, schema: AD_DATA, warehouse: COMPUTE_WH, proxy was not configured, password is provided, region: undefined, authenticator: SNOWFLAKE, ocsp mode: FAIL_OPEN, os: darwin, os version: 23.4.0"}
{"level":"INFO","message":"[4:38:34.957 PM]: Connection[id: ea1d37c0-82d8-43e9-84ba-028362f3bf28] additional details: passcode in password is provided, passcode is not provided, private key is not provided, application: undefined, client name: snowflake-sdk, client version: 2.3.6, retry timeout: 300, private key path: undefined, private key pass is not provided, client store temporary credential: false, browser response timeout: 120000"}
{"level":"INFO","message":"[4:38:34.957 PM]: Connection[id: ea1d37c0-82d8-43e9-84ba-028362f3bf28] - connection object created successfully."}
{"level":"INFO","message":"[4:38:34.957 PM]: Connection[id: ea1d37c0-82d8-43e9-84ba-028362f3bf28] - async connecting. Associated Snowflake domain: GLOBAL"}
{"level":"INFO","message":"[4:38:34.957 PM]: Connection[id: ea1d37c0-82d8-43e9-84ba-028362f3bf28] - authentication successful using: SNOWFLAKE"}
{"level":"INFO","message":"[4:38:35.514 PM]: Connection[id: ea1d37c0-82d8-43e9-84ba-028362f3bf28] - connection established successfully after 556.63 milliseconds"}
{"level":"INFO","message":"[4:40:13.463 PM]: Creating new connection object"}
{"level":"INFO","message":"[4:40:13.466 PM]: Creating Connection[id: 7ca365f7-aa69-434e-aeee-8c691b916e0d] with host: EBQVWVE-HQ46962.snowflakecomputing.com, account: EBQVWVE-HQ46962, accessUrl: https://EBQVWVE-HQ46962.snowflakecomputing.com, user: OHOOHOHOH, role: undefined, database: CLUEZERO_DEV, schema: AD_DATA, warehouse: COMPUTE_WH, proxy was not configured, password is provided, region: undefined, authenticator: SNOWFLAKE, ocsp mode: FAIL_OPEN, os: darwin, os version: 23.4.0"}
{"level":"INFO","message":"[4:40:13.466 PM]: Connection[id: 7ca365f7-aa69-434e-aeee-8c691b916e0d] additional details: passcode in password is provided, passcode is not provided, private key is not provided, application: undefined, client name: snowflake-sdk, client version: 2.3.6, retry timeout: 300, private key path: undefined, private key pass is not provided, client store temporary credential: false, browser response timeout: 120000"}
{"level":"INFO","message":"[4:40:13.467 PM]: Connection[id: 7ca365f7-aa69-434e-aeee-8c691b916e0d] - connection object created successfully."}
{"level":"INFO","message":"[4:40:13.467 PM]: Connection[id: 7ca365f7-aa69-434e-aeee-8c691b916e0d] - async connecting. Associated Snowflake domain: GLOBAL"}
{"level":"INFO","message":"[4:40:13.467 PM]: Connection[id: 7ca365f7-aa69-434e-aeee-8c691b916e0d] - authentication successful using: SNOWFLAKE"}
{"level":"INFO","message":"[4:40:13.792 PM]: Connection[id: 7ca365f7-aa69-434e-aeee-8c691b916e0d] - connection established successfully after 325.09 milliseconds"}
{"level":"INFO","message":"[4:41:40.919 PM]: Creating new connection object"}
{"level":"INFO","message":"[4:41:40.923 PM]: Creating Connection[id: e61a702d-4d73-45a7-b0a8-9aa70c7401cc] with host: EBQVWVE-HQ46962.snowflakecomputing.com, account: EBQVWVE-HQ46962, accessUrl: https://EBQVWVE-HQ46962.snowflakecomputing.com, user: OHOOHOHOH, role: undefined, database: CLUEZERO_DEV, schema: AD_DATA, warehouse: COMPUTE_WH, proxy was not configured, password is provided, region: undefined, authenticator: SNOWFLAKE, ocsp mode: FAIL_OPEN, os: darwin, os version: 23.4.0"}
{"level":"INFO","message":"[4:41:40.923 PM]: Connection[id: e61a702d-4d73-45a7-b0a8-9aa70c7401cc] additional details: passcode in password is provided, passcode is not provided, private key is not provided, application: undefined, client name: snowflake-sdk, client version: 2.3.6, retry timeout: 300, private key path: undefined, private key pass is not provided, client store temporary credential: false, browser response timeout: 120000"}
{"level":"INFO","message":"[4:41:40.924 PM]: Connection[id: e61a702d-4d73-45a7-b0a8-9aa70c7401cc] - connection object created successfully."}
{"level":"INFO","message":"[4:41:40.924 PM]: Connection[id: e61a702d-4d73-45a7-b0a8-9aa70c7401cc] - async connecting. Associated Snowflake domain: GLOBAL"}
{"level":"INFO","message":"[4:41:40.924 PM]: Connection[id: e61a702d-4d73-45a7-b0a8-9aa70c7401cc] - authentication successful using: SNOWFLAKE"}
{"level":"INFO","message":"[4:41:41.255 PM]: Connection[id: e61a702d-4d73-45a7-b0a8-9aa70c7401cc] - connection established successfully after 331.09 milliseconds"}
{"level":"INFO","message":"[4:42:52.572 PM]: Creating new connection object"}
{"level":"INFO","message":"[4:42:52.575 PM]: Creating Connection[id: f9596162-0b2c-4856-b669-60cdb32a3468] with host: EBQVWVE-HQ46962.snowflakecomputing.com, account: EBQVWVE-HQ46962, accessUrl: https://EBQVWVE-HQ46962.snowflakecomputing.com, user: OHOOHOHOH, role: undefined, database: CLUEZERO_DEV, schema: AD_DATA, warehouse: COMPUTE_WH, proxy was not configured, password is provided, region: undefined, authenticator: SNOWFLAKE, ocsp mode: FAIL_OPEN, os: darwin, os version: 23.4.0"}
{"level":"INFO","message":"[4:42:52.575 PM]: Connection[id: f9596162-0b2c-4856-b669-60cdb32a3468] additional details: passcode in password is provided, passcode is not provided, private key is not provided, application: undefined, client name: snowflake-sdk, client version: 2.3.6, retry timeout: 300, private key path: undefined, private key pass is not provided, client store temporary credential: false, browser response timeout: 120000"}
{"level":"INFO","message":"[4:42:52.575 PM]: Connection[id: f9596162-0b2c-4856-b669-60cdb32a3468] - connection object created successfully."}
{"level":"INFO","message":"[4:42:52.576 PM]: Connection[id: f9596162-0b2c-4856-b669-60cdb32a3468] - async connecting. Associated Snowflake domain: GLOBAL"}
{"level":"INFO","message":"[4:42:52.576 PM]: Connection[id: f9596162-0b2c-4856-b669-60cdb32a3468] - authentication successful using: SNOWFLAKE"}
{"level":"INFO","message":"[4:42:52.944 PM]: Connection[id: f9596162-0b2c-4856-b669-60cdb32a3468] - connection established successfully after 368.85 milliseconds"}
{"level":"INFO","message":"[4:43:14.798 PM]: Creating new connection object"}
{"level":"INFO","message":"[4:43:14.801 PM]: Creating Connection[id: 99b3caff-3009-4ecd-adb2-1ad9266fac3e] with host: EBQVWVE-HQ46962.snowflakecomputing.com, account: EBQVWVE-HQ46962, accessUrl: https://EBQVWVE-HQ46962.snowflakecomputing.com, user: OHOOHOHOH, role: undefined, database: CLUEZERO_DEV, schema: AD_DATA, warehouse: COMPUTE_WH, proxy was not configured, password is provided, region: undefined, authenticator: SNOWFLAKE, ocsp mode: FAIL_OPEN, os: darwin, os version: 23.4.0"}
{"level":"INFO","message":"[4:43:14.801 PM]: Connection[id: 99b3caff-3009-4ecd-adb2-1ad9266fac3e] additional details: passcode in password is provided, passcode is not provided, private key is not provided, application: undefined, client name: snowflake-sdk, client version: 2.3.6, retry timeout: 300, private key path: undefined, private key pass is not provided, client store temporary credential: false, browser response timeout: 120000"}
{"level":"INFO","message":"[4:43:14.801 PM]: Connection[id: 99b3caff-3009-4ecd-adb2-1ad9266fac3e] - connection object created successfully."}
{"level":"INFO","message":"[4:43:14.801 PM]: Connection[id: 99b3caff-3009-4ecd-adb2-1ad9266fac3e] - async connecting. Associated Snowflake domain: GLOBAL"}
{"level":"INFO","message":"[4:43:14.801 PM]: Connection[id: 99b3caff-3009-4ecd-adb2-1ad9266fac3e] - authentication successful using: SNOWFLAKE"}
{"level":"INFO","message":"[4:43:15.372 PM]: Connection[id: 99b3caff-3009-4ecd-adb2-1ad9266fac3e] - connection established successfully after 571.04 milliseconds"}
{"level":"INFO","message":"[4:44:31.408 PM]: Creating new connection object"}
{"level":"INFO","message":"[4:44:31.410 PM]: Creating Connection[id: fc7124b9-0fbd-41a3-a99f-ff57ed9b4ede] with host: EBQVWVE-HQ46962.snowflakecomputing.com, account: EBQVWVE-HQ46962, accessUrl: https://EBQVWVE-HQ46962.snowflakecomputing.com, user: OHOOHOHOH, role: undefined, database: CLUEZERO_DEV, schema: AD_DATA, warehouse: COMPUTE_WH, proxy was not configured, password is provided, region: undefined, authenticator: SNOWFLAKE, ocsp mode: FAIL_OPEN, os: darwin, os version: 23.4.0"}
{"level":"INFO","message":"[4:44:31.410 PM]: Connection[id: fc7124b9-0fbd-41a3-a99f-ff57ed9b4ede] additional details: passcode in password is provided, passcode is not provided, private key is not provided, application: undefined, client name: snowflake-sdk, client version: 2.3.6, retry timeout: 300, private key path: undefined, private key pass is not provided, client store temporary credential: false, browser response timeout: 120000"}
{"level":"INFO","message":"[4:44:31.410 PM]: Connection[id: fc7124b9-0fbd-41a3-a99f-ff57ed9b4ede] - connection object created successfully."}
{"level":"INFO","message":"[4:44:31.411 PM]: Connection[id: fc7124b9-0fbd-41a3-a99f-ff57ed9b4ede] - async connecting. Associated Snowflake domain: GLOBAL"}
{"level":"INFO","message":"[4:44:31.411 PM]: Connection[id: fc7124b9-0fbd-41a3-a99f-ff57ed9b4ede] - authentication successful using: SNOWFLAKE"}
{"level":"INFO","message":"[4:44:31.776 PM]: Connection[id: fc7124b9-0fbd-41a3-a99f-ff57ed9b4ede] - connection established successfully after 365.71 milliseconds"}
{"level":"INFO","message":"[4:44:50.281 PM]: Creating new connection object"}
{"level":"INFO","message":"[4:44:50.284 PM]: Creating Connection[id: 1fbeb94e-c3a6-45d2-9675-bae097301a9a] with host: EBQVWVE-HQ46962.snowflakecomputing.com, account: EBQVWVE-HQ46962, accessUrl: https://EBQVWVE-HQ46962.snowflakecomputing.com, user: OHOOHOHOH, role: undefined, database: CLUEZERO_DEV, schema: AD_DATA, warehouse: COMPUTE_WH, proxy was not configured, password is provided, region: undefined, authenticator: SNOWFLAKE, ocsp mode: FAIL_OPEN, os: darwin, os version: 23.4.0"}
{"level":"INFO","message":"[4:44:50.284 PM]: Connection[id: 1fbeb94e-c3a6-45d2-9675-bae097301a9a] additional details: passcode in password is provided, passcode is not provided, private key is not provided, application: undefined, client name: snowflake-sdk, client version: 2.3.6, retry timeout: 300, private key path: undefined, private key pass is not provided, client store temporary credential: false, browser response timeout: 120000"}
{"level":"INFO","message":"[4:44:50.284 PM]: Connection[id: 1fbeb94e-c3a6-45d2-9675-bae097301a9a] - connection object created successfully."}
{"level":"INFO","message":"[4:44:50.284 PM]: Connection[id: 1fbeb94e-c3a6-45d2-9675-bae097301a9a] - async connecting. Associated Snowflake domain: GLOBAL"}
{"level":"INFO","message":"[4:44:50.285 PM]: Connection[id: 1fbeb94e-c3a6-45d2-9675-bae097301a9a] - authentication successful using: SNOWFLAKE"}
{"level":"INFO","message":"[4:44:50.634 PM]: Connection[id: 1fbeb94e-c3a6-45d2-9675-bae097301a9a] - connection established successfully after 349.65 milliseconds"}
{"level":"INFO","message":"[4:45:05.753 PM]: Creating new connection object"}
{"level":"INFO","message":"[4:45:05.755 PM]: Creating Connection[id: 10e26e84-4657-4757-841a-d494e468c224] with host: EBQVWVE-HQ46962.snowflakecomputing.com, account: EBQVWVE-HQ46962, accessUrl: https://EBQVWVE-HQ46962.snowflakecomputing.com, user: OHOOHOHOH, role: undefined, database: CLUEZERO_DEV, schema: AD_DATA, warehouse: COMPUTE_WH, proxy was not configured, password is provided, region: undefined, authenticator: SNOWFLAKE, ocsp mode: FAIL_OPEN, os: darwin, os version: 23.4.0"}
{"level":"INFO","message":"[4:45:05.755 PM]: Connection[id: 10e26e84-4657-4757-841a-d494e468c224] additional details: passcode in password is provided, passcode is not provided, private key is not provided, application: undefined, client name: snowflake-sdk, client version: 2.3.6, retry timeout: 300, private key path: undefined, private key pass is not provided, client store temporary credential: false, browser response timeout: 120000"}
{"level":"INFO","message":"[4:45:05.756 PM]: Connection[id: 10e26e84-4657-4757-841a-d494e468c224] - connection object created successfully."}
{"level":"INFO","message":"[4:45:05.756 PM]: Connection[id: 10e26e84-4657-4757-841a-d494e468c224] - async connecting. Associated Snowflake domain: GLOBAL"}
{"level":"INFO","message":"[4:45:05.756 PM]: Connection[id: 10e26e84-4657-4757-841a-d494e468c224] - authentication successful using: SNOWFLAKE"}
{"level":"INFO","message":"[4:45:06.167 PM]: Connection[id: 10e26e84-4657-4757-841a-d494e468c224] - connection established successfully after 410.94 milliseconds"}
{"level":"INFO","message":"[4:47:25.496 PM]: Creating new connection object"}
{"level":"INFO","message":"[4:47:25.499 PM]: Creating Connection[id: 2db155f4-2388-4ab0-ba00-743d235b9a12] with host: EBQVWVE-HQ46962.snowflakecomputing.com, account: EBQVWVE-HQ46962, accessUrl: https://EBQVWVE-HQ46962.snowflakecomputing.com, user: OHOOHOHOH, role: undefined, database: CLUEZERO_DEV, schema: AD_DATA, warehouse: COMPUTE_WH, proxy was not configured, password is provided, region: undefined, authenticator: SNOWFLAKE, ocsp mode: FAIL_OPEN, os: darwin, os version: 23.4.0"}
{"level":"INFO","message":"[4:47:25.500 PM]: Connection[id: 2db155f4-2388-4ab0-ba00-743d235b9a12] additional details: passcode in password is provided, passcode is not provided, private key is not provided, application: undefined, client name: snowflake-sdk, client version: 2.3.6, retry timeout: 300, private key path: undefined, private key pass is not provided, client store temporary credential: false, browser response timeout: 120000"}
{"level":"INFO","message":"[4:47:25.500 PM]: Connection[id: 2db155f4-2388-4ab0-ba00-743d235b9a12] - connection object created successfully."}
{"level":"INFO","message":"[4:47:25.500 PM]: Connection[id: 2db155f4-2388-4ab0-ba00-743d235b9a12] - async connecting. Associated Snowflake domain: GLOBAL"}
{"level":"INFO","message":"[4:47:25.500 PM]: Connection[id: 2db155f4-2388-4ab0-ba00-743d235b9a12] - authentication successful using: SNOWFLAKE"}
{"level":"INFO","message":"[4:47:25.843 PM]: Connection[id: 2db155f4-2388-4ab0-ba00-743d235b9a12] - connection established successfully after 342.56 milliseconds"}
{"level":"INFO","message":"[4:47:36.339 PM]: Creating new connection object"}
{"level":"INFO","message":"[4:47:36.341 PM]: Creating Connection[id: 211fcf30-6882-47a5-b87e-1cf656fa4363] with host: EBQVWVE-HQ46962.snowflakecomputing.com, account: EBQVWVE-HQ46962, accessUrl: https://EBQVWVE-HQ46962.snowflakecomputing.com, user: OHOOHOHOH, role: undefined, database: CLUEZERO_DEV, schema: AD_DATA, warehouse: COMPUTE_WH, proxy was not configured, password is provided, region: undefined, authenticator: SNOWFLAKE, ocsp mode: FAIL_OPEN, os: darwin, os version: 23.4.0"}
{"level":"INFO","message":"[4:47:36.341 PM]: Connection[id: 211fcf30-6882-47a5-b87e-1cf656fa4363] additional details: passcode in password is provided, passcode is not provided, private key is not provided, application: undefined, client name: snowflake-sdk, client version: 2.3.6, retry timeout: 300, private key path: undefined, private key pass is not provided, client store temporary credential: false, browser response timeout: 120000"}
{"level":"INFO","message":"[4:47:36.341 PM]: Connection[id: 211fcf30-6882-47a5-b87e-1cf656fa4363] - connection object created successfully."}
{"level":"INFO","message":"[4:47:36.341 PM]: Connection[id: 211fcf30-6882-47a5-b87e-1cf656fa4363] - async connecting. Associated Snowflake domain: GLOBAL"}
{"level":"INFO","message":"[4:47:36.342 PM]: Connection[id: 211fcf30-6882-47a5-b87e-1cf656fa4363] - authentication successful using: SNOWFLAKE"}
{"level":"INFO","message":"[4:47:36.803 PM]: Connection[id: 211fcf30-6882-47a5-b87e-1cf656fa4363] - connection established successfully after 461.3 milliseconds"}
{"level":"INFO","message":"[4:47:54.460 PM]: Creating new connection object"}
{"level":"INFO","message":"[4:47:54.461 PM]: Creating Connection[id: 41bfb0fd-6b29-4b6c-bb5e-d80b68126a27] with host: EBQVWVE-HQ46962.snowflakecomputing.com, account: EBQVWVE-HQ46962, accessUrl: https://EBQVWVE-HQ46962.snowflakecomputing.com, user: OHOOHOHOH, role: undefined, database: CLUEZERO_DEV, schema: AD_DATA, warehouse: COMPUTE_WH, proxy was not configured, password is provided, region: undefined, authenticator: SNOWFLAKE, ocsp mode: FAIL_OPEN, os: darwin, os version: 23.4.0"}
{"level":"INFO","message":"[4:47:54.461 PM]: Connection[id: 41bfb0fd-6b29-4b6c-bb5e-d80b68126a27] additional details: passcode in password is provided, passcode is not provided, private key is not provided, application: undefined, client name: snowflake-sdk, client version: 2.3.6, retry timeout: 300, private key path: undefined, private key pass is not provided, client store temporary credential: false, browser response timeout: 120000"}
{"level":"INFO","message":"[4:47:54.461 PM]: Connection[id: 41bfb0fd-6b29-4b6c-bb5e-d80b68126a27] - connection object created successfully."}
{"level":"INFO","message":"[4:47:54.461 PM]: Connection[id: 41bfb0fd-6b29-4b6c-bb5e-d80b68126a27] - async connecting. Associated Snowflake domain: GLOBAL"}
{"level":"INFO","message":"[4:47:54.461 PM]: Connection[id: 41bfb0fd-6b29-4b6c-bb5e-d80b68126a27] - authentication successful using: SNOWFLAKE"}
{"level":"INFO","message":"[4:47:55.570 PM]: Connection[id: 41bfb0fd-6b29-4b6c-bb5e-d80b68126a27] - connection established successfully after 1108.69 milliseconds"}
{"level":"INFO","message":"[4:51:23.435 PM]: Creating new connection object"}
{"level":"INFO","message":"[4:51:23.456 PM]: Creating Connection[id: 514bd30b-8df9-4cf2-8dcf-5e5d871f8e5f] with host: EBQVWVE-HQ46962.snowflakecomputing.com, account: EBQVWVE-HQ46962, accessUrl: https://EBQVWVE-HQ46962.snowflakecomputing.com, user: OHOOHOHOH, role: undefined, database: CLUEZERO_DEV, schema: AD_DATA, warehouse: COMPUTE_WH, proxy was not configured, password is provided, region: undefined, authenticator: SNOWFLAKE, ocsp mode: FAIL_OPEN, os: darwin, os version: 23.4.0"}
{"level":"INFO","message":"[4:51:23.457 PM]: Connection[id: 514bd30b-8df9-4cf2-8dcf-5e5d871f8e5f] additional details: passcode in password is provided, passcode is not provided, private key is not provided, application: undefined, client name: snowflake-sdk, client version: 2.3.6, retry timeout: 300, private key path: undefined, private key pass is not provided, client store temporary credential: false, browser response timeout: 120000"}
{"level":"INFO","message":"[4:51:23.457 PM]: Connection[id: 514bd30b-8df9-4cf2-8dcf-5e5d871f8e5f] - connection object created successfully."}
{"level":"INFO","message":"[4:51:23.458 PM]: Connection[id: 514bd30b-8df9-4cf2-8dcf-5e5d871f8e5f] - async connecting. Associated Snowflake domain: GLOBAL"}
{"level":"INFO","message":"[4:51:23.459 PM]: Trying to initialize Easy Logging"}
{"level":"INFO","message":"[4:51:23.462 PM]: No client config detected."}
{"level":"INFO","message":"[4:51:23.462 PM]: No config file path found. Client config will not be used."}
{"level":"INFO","message":"[4:51:23.462 PM]: Easy Logging is disabled as no config has been found"}
{"level":"INFO","message":"[4:51:23.463 PM]: Connection[id: 514bd30b-8df9-4cf2-8dcf-5e5d871f8e5f] - authentication successful using: SNOWFLAKE"}
{"level":"INFO","message":"[4:51:24.104 PM]: Connection[id: 514bd30b-8df9-4cf2-8dcf-5e5d871f8e5f] - connection established successfully after 645.61 milliseconds"}
{"level":"INFO","message":"[5:21:42.065 PM]: Creating new connection object"}
{"level":"INFO","message":"[5:21:42.080 PM]: Creating Connection[id: 1e46e4f3-4e8a-4ef6-8751-995cb60d56ce] with host: EBQVWVE-HQ46962.snowflakecomputing.com, account: EBQVWVE-HQ46962, accessUrl: https://EBQVWVE-HQ46962.snowflakecomputing.com, user: OHOOHOHOH, role: undefined, database: CLUEZERO_DEV, schema: AD_DATA, warehouse: COMPUTE_WH, proxy was not configured, password is provided, region: undefined, authenticator: SNOWFLAKE, ocsp mode: FAIL_OPEN, os: darwin, os version: 23.4.0"}
{"level":"INFO","message":"[5:21:42.081 PM]: Connection[id: 1e46e4f3-4e8a-4ef6-8751-995cb60d56ce] additional details: passcode in password is provided, passcode is not provided, private key is not provided, application: undefined, client name: snowflake-sdk, client version: 2.3.6, retry timeout: 300, private key path: undefined, private key pass is not provided, client store temporary credential: false, browser response timeout: 120000"}
{"level":"INFO","message":"[5:21:42.082 PM]: Connection[id: 1e46e4f3-4e8a-4ef6-8751-995cb60d56ce] - connection object created successfully."}
{"level":"INFO","message":"[5:21:42.082 PM]: Connection[id: 1e46e4f3-4e8a-4ef6-8751-995cb60d56ce] - async connecting. Associated Snowflake domain: GLOBAL"}
{"level":"INFO","message":"[5:21:42.082 PM]: Trying to initialize Easy Logging"}
{"level":"INFO","message":"[5:21:42.093 PM]: No client config detected."}
{"level":"INFO","message":"[5:21:42.093 PM]: No config file path found. Client config will not be used."}
{"level":"INFO","message":"[5:21:42.093 PM]: Easy Logging is disabled as no config has been found"}
{"level":"INFO","message":"[5:21:42.094 PM]: Connection[id: 1e46e4f3-4e8a-4ef6-8751-995cb60d56ce] - authentication successful using: SNOWFLAKE"}
{"level":"INFO","message":"[5:21:42.633 PM]: Connection[id: 1e46e4f3-4e8a-4ef6-8751-995cb60d56ce] - connection established successfully after 550.95 milliseconds"}
{"level":"INFO","message":"[5:21:42.635 PM]: Creating new connection object"}
{"level":"INFO","message":"[5:21:42.636 PM]: Creating Connection[id: f77c4832-70f8-455d-9f4a-268d2180b922] with host: EBQVWVE-HQ46962.snowflakecomputing.com, account: EBQVWVE-HQ46962, accessUrl: https://EBQVWVE-HQ46962.snowflakecomputing.com, user: OHOOHOHOH, role: undefined, database: CLUEZERO_DEV, schema: AD_DATA, warehouse: COMPUTE_WH, proxy was not configured, password is provided, region: undefined, authenticator: SNOWFLAKE, ocsp mode: FAIL_OPEN, os: darwin, os version: 23.4.0"}
{"level":"INFO","message":"[5:21:42.637 PM]: Connection[id: f77c4832-70f8-455d-9f4a-268d2180b922] additional details: passcode in password is provided, passcode is not provided, private key is not provided, application: undefined, client name: snowflake-sdk, client version: 2.3.6, retry timeout: 300, private key path: undefined, private key pass is not provided, client store temporary credential: false, browser response timeout: 120000"}
{"level":"INFO","message":"[5:21:42.637 PM]: Connection[id: f77c4832-70f8-455d-9f4a-268d2180b922] - connection object created successfully."}
{"level":"INFO","message":"[5:21:42.637 PM]: Connection[id: f77c4832-70f8-455d-9f4a-268d2180b922] - async connecting. Associated Snowflake domain: GLOBAL"}
{"level":"INFO","message":"[5:21:42.637 PM]: Connection[id: f77c4832-70f8-455d-9f4a-268d2180b922] - authentication successful using: SNOWFLAKE"}
{"level":"INFO","message":"[5:21:43.366 PM]: Connection[id: f77c4832-70f8-455d-9f4a-268d2180b922] - connection established successfully after 729.31 milliseconds"}
{"level":"INFO","message":"[5:21:59.157 PM]: Creating new connection object"}
{"level":"INFO","message":"[5:21:59.158 PM]: Creating Connection[id: 07f4b713-e067-4bcd-a7ba-496256c0bb5d] with host: EBQVWVE-HQ46962.snowflakecomputing.com, account: EBQVWVE-HQ46962, accessUrl: https://EBQVWVE-HQ46962.snowflakecomputing.com, user: OHOOHOHOH, role: undefined, database: CLUEZERO_DEV, schema: AD_DATA, warehouse: COMPUTE_WH, proxy was not configured, password is provided, region: undefined, authenticator: SNOWFLAKE, ocsp mode: FAIL_OPEN, os: darwin, os version: 23.4.0"}
{"level":"INFO","message":"[5:21:59.158 PM]: Connection[id: 07f4b713-e067-4bcd-a7ba-496256c0bb5d] additional details: passcode in password is provided, passcode is not provided, private key is not provided, application: undefined, client name: snowflake-sdk, client version: 2.3.6, retry timeout: 300, private key path: undefined, private key pass is not provided, client store temporary credential: false, browser response timeout: 120000"}
{"level":"INFO","message":"[5:21:59.159 PM]: Connection[id: 07f4b713-e067-4bcd-a7ba-496256c0bb5d] - connection object created successfully."}
{"level":"INFO","message":"[5:21:59.159 PM]: Connection[id: 07f4b713-e067-4bcd-a7ba-496256c0bb5d] - async connecting. Associated Snowflake domain: GLOBAL"}
{"level":"INFO","message":"[5:21:59.159 PM]: Connection[id: 07f4b713-e067-4bcd-a7ba-496256c0bb5d] - authentication successful using: SNOWFLAKE"}
{"level":"INFO","message":"[5:21:59.508 PM]: Connection[id: 07f4b713-e067-4bcd-a7ba-496256c0bb5d] - connection established successfully after 348.9 milliseconds"}
{"level":"INFO","message":"[5:21:59.509 PM]: Creating new connection object"}
{"level":"INFO","message":"[5:21:59.510 PM]: Creating Connection[id: 23695b92-f6ff-4f20-8851-b1d8ed18f616] with host: EBQVWVE-HQ46962.snowflakecomputing.com, account: EBQVWVE-HQ46962, accessUrl: https://EBQVWVE-HQ46962.snowflakecomputing.com, user: OHOOHOHOH, role: undefined, database: CLUEZERO_DEV, schema: AD_DATA, warehouse: COMPUTE_WH, proxy was not configured, password is provided, region: undefined, authenticator: SNOWFLAKE, ocsp mode: FAIL_OPEN, os: darwin, os version: 23.4.0"}
{"level":"INFO","message":"[5:21:59.510 PM]: Connection[id: 23695b92-f6ff-4f20-8851-b1d8ed18f616] additional details: passcode in password is provided, passcode is not provided, private key is not provided, application: undefined, client name: snowflake-sdk, client version: 2.3.6, retry timeout: 300, private key path: undefined, private key pass is not provided, client store temporary credential: false, browser response timeout: 120000"}
{"level":"INFO","message":"[5:21:59.510 PM]: Connection[id: 23695b92-f6ff-4f20-8851-b1d8ed18f616] - connection object created successfully."}
{"level":"INFO","message":"[5:21:59.510 PM]: Connection[id: 23695b92-f6ff-4f20-8851-b1d8ed18f616] - async connecting. Associated Snowflake domain: GLOBAL"}
{"level":"INFO","message":"[5:21:59.510 PM]: Connection[id: 23695b92-f6ff-4f20-8851-b1d8ed18f616] - authentication successful using: SNOWFLAKE"}
{"level":"INFO","message":"[5:21:59.873 PM]: Connection[id: 23695b92-f6ff-4f20-8851-b1d8ed18f616] - connection established successfully after 362.58 milliseconds"}
{"level":"INFO","message":"[5:22:11.279 PM]: Creating new connection object"}
{"level":"INFO","message":"[5:22:11.280 PM]: Creating Connection[id: e76278bd-5634-486a-bffc-5315471c5c54] with host: EBQVWVE-HQ46962.snowflakecomputing.com, account: EBQVWVE-HQ46962, accessUrl: https://EBQVWVE-HQ46962.snowflakecomputing.com, user: OHOOHOHOH, role: undefined, database: CLUEZERO_DEV, schema: AD_DATA, warehouse: COMPUTE_WH, proxy was not configured, password is provided, region: undefined, authenticator: SNOWFLAKE, ocsp mode: FAIL_OPEN, os: darwin, os version: 23.4.0"}
{"level":"INFO","message":"[5:22:11.280 PM]: Connection[id: e76278bd-5634-486a-bffc-5315471c5c54] additional details: passcode in password is provided, passcode is not provided, private key is not provided, application: undefined, client name: snowflake-sdk, client version: 2.3.6, retry timeout: 300, private key path: undefined, private key pass is not provided, client store temporary credential: false, browser response timeout: 120000"}
{"level":"INFO","message":"[5:22:11.280 PM]: Connection[id: e76278bd-5634-486a-bffc-5315471c5c54] - connection object created successfully."}
{"level":"INFO","message":"[5:22:11.281 PM]: Connection[id: e76278bd-5634-486a-bffc-5315471c5c54] - async connecting. Associated Snowflake domain: GLOBAL"}
{"level":"INFO","message":"[5:22:11.281 PM]: Connection[id: e76278bd-5634-486a-bffc-5315471c5c54] - authentication successful using: SNOWFLAKE"}
{"level":"INFO","message":"[5:22:11.752 PM]: Connection[id: e76278bd-5634-486a-bffc-5315471c5c54] - connection established successfully after 471.4 milliseconds"}
{"level":"INFO","message":"[5:22:19.971 PM]: Creating new connection object"}
{"level":"INFO","message":"[5:22:19.972 PM]: Creating Connection[id: f03bbcc6-31f1-4225-aa49-d39cd62d9d35] with host: EBQVWVE-HQ46962.snowflakecomputing.com, account: EBQVWVE-HQ46962, accessUrl: https://EBQVWVE-HQ46962.snowflakecomputing.com, user: OHOOHOHOH, role: undefined, database: CLUEZERO_DEV, schema: AD_DATA, warehouse: COMPUTE_WH, proxy was not configured, password is provided, region: undefined, authenticator: SNOWFLAKE, ocsp mode: FAIL_OPEN, os: darwin, os version: 23.4.0"}
{"level":"INFO","message":"[5:22:19.972 PM]: Connection[id: f03bbcc6-31f1-4225-aa49-d39cd62d9d35] additional details: passcode in password is provided, passcode is not provided, private key is not provided, application: undefined, client name: snowflake-sdk, client version: 2.3.6, retry timeout: 300, private key path: undefined, private key pass is not provided, client store temporary credential: false, browser response timeout: 120000"}
{"level":"INFO","message":"[5:22:19.972 PM]: Connection[id: f03bbcc6-31f1-4225-aa49-d39cd62d9d35] - connection object created successfully."}
{"level":"INFO","message":"[5:22:19.972 PM]: Connection[id: f03bbcc6-31f1-4225-aa49-d39cd62d9d35] - async connecting. Associated Snowflake domain: GLOBAL"}
{"level":"INFO","message":"[5:22:19.973 PM]: Connection[id: f03bbcc6-31f1-4225-aa49-d39cd62d9d35] - authentication successful using: SNOWFLAKE"}
{"level":"INFO","message":"[5:22:20.721 PM]: Connection[id: f03bbcc6-31f1-4225-aa49-d39cd62d9d35] - connection established successfully after 748.84 milliseconds"}
{"level":"INFO","message":"[5:23:55.484 PM]: Creating new connection object"}
{"level":"INFO","message":"[5:23:55.491 PM]: Creating Connection[id: 5767a158-59db-4c1b-a903-f70d124a2a5b] with host: EBQVWVE-HQ46962.snowflakecomputing.com, account: EBQVWVE-HQ46962, accessUrl: https://EBQVWVE-HQ46962.snowflakecomputing.com, user: OHOOHOHOH, role: undefined, database: CLUEZERO_DEV, schema: AD_DATA, warehouse: COMPUTE_WH, proxy was not configured, password is provided, region: undefined, authenticator: SNOWFLAKE, ocsp mode: FAIL_OPEN, os: darwin, os version: 23.4.0"}
{"level":"INFO","message":"[5:23:55.491 PM]: Connection[id: 5767a158-59db-4c1b-a903-f70d124a2a5b] additional details: passcode in password is provided, passcode is not provided, private key is not provided, application: undefined, client name: snowflake-sdk, client version: 2.3.6, retry timeout: 300, private key path: undefined, private key pass is not provided, client store temporary credential: false, browser response timeout: 120000"}
{"level":"INFO","message":"[5:23:55.491 PM]: Connection[id: 5767a158-59db-4c1b-a903-f70d124a2a5b] - connection object created successfully."}
{"level":"INFO","message":"[5:23:55.491 PM]: Connection[id: 5767a158-59db-4c1b-a903-f70d124a2a5b] - async connecting. Associated Snowflake domain: GLOBAL"}
{"level":"INFO","message":"[5:23:55.491 PM]: Connection[id: 5767a158-59db-4c1b-a903-f70d124a2a5b] - authentication successful using: SNOWFLAKE"}
{"level":"INFO","message":"[5:23:55.894 PM]: Connection[id: 5767a158-59db-4c1b-a903-f70d124a2a5b] - connection established successfully after 402.68 milliseconds"}
{"level":"INFO","message":"[5:29:35.870 PM]: Creating new connection object"}
{"level":"INFO","message":"[5:29:35.875 PM]: Creating Connection[id: c86bce7b-3432-4ae3-ba77-4afcbcf3c472] with host: EBQVWVE-HQ46962.snowflakecomputing.com, account: EBQVWVE-HQ46962, accessUrl: https://EBQVWVE-HQ46962.snowflakecomputing.com, user: OHOOHOHOH, role: undefined, database: CLUEZERO_DEV, schema: AD_DATA, warehouse: COMPUTE_WH, proxy was not configured, password is provided, region: undefined, authenticator: SNOWFLAKE, ocsp mode: FAIL_OPEN, os: darwin, os version: 23.4.0"}
{"level":"INFO","message":"[5:29:35.875 PM]: Connection[id: c86bce7b-3432-4ae3-ba77-4afcbcf3c472] additional details: passcode in password is provided, passcode is not provided, private key is not provided, application: undefined, client name: snowflake-sdk, client version: 2.3.6, retry timeout: 300, private key path: undefined, private key pass is not provided, client store temporary credential: false, browser response timeout: 120000"}
{"level":"INFO","message":"[5:29:35.876 PM]: Connection[id: c86bce7b-3432-4ae3-ba77-4afcbcf3c472] - connection object created successfully."}
{"level":"INFO","message":"[5:29:35.876 PM]: Connection[id: c86bce7b-3432-4ae3-ba77-4afcbcf3c472] - async connecting. Associated Snowflake domain: GLOBAL"}
{"level":"INFO","message":"[5:29:35.876 PM]: Connection[id: c86bce7b-3432-4ae3-ba77-4afcbcf3c472] - authentication successful using: SNOWFLAKE"}
{"level":"INFO","message":"[5:29:36.485 PM]: Connection[id: c86bce7b-3432-4ae3-ba77-4afcbcf3c472] - connection established successfully after 609.16 milliseconds"}
{"level":"INFO","message":"[5:29:45.088 PM]: Creating new connection object"}
{"level":"INFO","message":"[5:29:45.092 PM]: Creating Connection[id: 87d4ba31-ffa2-43b5-bf89-ea3ed6f2e5d5] with host: EBQVWVE-HQ46962.snowflakecomputing.com, account: EBQVWVE-HQ46962, accessUrl: https://EBQVWVE-HQ46962.snowflakecomputing.com, user: OHOOHOHOH, role: undefined, database: CLUEZERO_DEV, schema: AD_DATA, warehouse: COMPUTE_WH, proxy was not configured, password is provided, region: undefined, authenticator: SNOWFLAKE, ocsp mode: FAIL_OPEN, os: darwin, os version: 23.4.0"}
{"level":"INFO","message":"[5:29:45.092 PM]: Connection[id: 87d4ba31-ffa2-43b5-bf89-ea3ed6f2e5d5] additional details: passcode in password is provided, passcode is not provided, private key is not provided, application: undefined, client name: snowflake-sdk, client version: 2.3.6, retry timeout: 300, private key path: undefined, private key pass is not provided, client store temporary credential: false, browser response timeout: 120000"}
{"level":"INFO","message":"[5:29:45.093 PM]: Connection[id: 87d4ba31-ffa2-43b5-bf89-ea3ed6f2e5d5] - connection object created successfully."}
{"level":"INFO","message":"[5:29:45.093 PM]: Connection[id: 87d4ba31-ffa2-43b5-bf89-ea3ed6f2e5d5] - async connecting. Associated Snowflake domain: GLOBAL"}
{"level":"INFO","message":"[5:29:45.093 PM]: Connection[id: 87d4ba31-ffa2-43b5-bf89-ea3ed6f2e5d5] - authentication successful using: SNOWFLAKE"}
{"level":"INFO","message":"[5:29:45.436 PM]: Connection[id: 87d4ba31-ffa2-43b5-bf89-ea3ed6f2e5d5] - connection established successfully after 343.35 milliseconds"}
{"level":"INFO","message":"[5:30:41.095 PM]: Creating new connection object"}
{"level":"INFO","message":"[5:30:41.097 PM]: Creating Connection[id: 9884ef23-b2c0-44bb-8d1e-f51945829285] with host: EBQVWVE-HQ46962.snowflakecomputing.com, account: EBQVWVE-HQ46962, accessUrl: https://EBQVWVE-HQ46962.snowflakecomputing.com, user: OHOOHOHOH, role: undefined, database: CLUEZERO_DEV, schema: AD_DATA, warehouse: COMPUTE_WH, proxy was not configured, password is provided, region: undefined, authenticator: SNOWFLAKE, ocsp mode: FAIL_OPEN, os: darwin, os version: 23.4.0"}
{"level":"INFO","message":"[5:30:41.097 PM]: Connection[id: 9884ef23-b2c0-44bb-8d1e-f51945829285] additional details: passcode in password is provided, passcode is not provided, private key is not provided, application: undefined, client name: snowflake-sdk, client version: 2.3.6, retry timeout: 300, private key path: undefined, private key pass is not provided, client store temporary credential: false, browser response timeout: 120000"}
{"level":"INFO","message":"[5:30:41.097 PM]: Connection[id: 9884ef23-b2c0-44bb-8d1e-f51945829285] - connection object created successfully."}
{"level":"INFO","message":"[5:30:41.098 PM]: Connection[id: 9884ef23-b2c0-44bb-8d1e-f51945829285] - async connecting. Associated Snowflake domain: GLOBAL"}
{"level":"INFO","message":"[5:30:41.098 PM]: Connection[id: 9884ef23-b2c0-44bb-8d1e-f51945829285] - authentication successful using: SNOWFLAKE"}
{"level":"INFO","message":"[5:30:41.595 PM]: Connection[id: 9884ef23-b2c0-44bb-8d1e-f51945829285] - connection established successfully after 497.62 milliseconds"}
{"level":"INFO","message":"[5:30:41.597 PM]: Creating new connection object"}
{"level":"INFO","message":"[5:30:41.598 PM]: Creating Connection[id: 02562271-b235-448b-bb46-a72b7fc145b5] with host: EBQVWVE-HQ46962.snowflakecomputing.com, account: EBQVWVE-HQ46962, accessUrl: https://EBQVWVE-HQ46962.snowflakecomputing.com, user: OHOOHOHOH, role: undefined, database: CLUEZERO_DEV, schema: AD_DATA, warehouse: COMPUTE_WH, proxy was not configured, password is provided, region: undefined, authenticator: SNOWFLAKE, ocsp mode: FAIL_OPEN, os: darwin, os version: 23.4.0"}
{"level":"INFO","message":"[5:30:41.598 PM]: Connection[id: 02562271-b235-448b-bb46-a72b7fc145b5] additional details: passcode in password is provided, passcode is not provided, private key is not provided, application: undefined, client name: snowflake-sdk, client version: 2.3.6, retry timeout: 300, private key path: undefined, private key pass is not provided, client store temporary credential: false, browser response timeout: 120000"}
{"level":"INFO","message":"[5:30:41.598 PM]: Connection[id: 02562271-b235-448b-bb46-a72b7fc145b5] - connection object created successfully."}
{"level":"INFO","message":"[5:30:41.598 PM]: Connection[id: 02562271-b235-448b-bb46-a72b7fc145b5] - async connecting. Associated Snowflake domain: GLOBAL"}
{"level":"INFO","message":"[5:30:41.598 PM]: Connection[id: 02562271-b235-448b-bb46-a72b7fc145b5] - authentication successful using: SNOWFLAKE"}
{"level":"INFO","message":"[5:30:42.307 PM]: Connection[id: 02562271-b235-448b-bb46-a72b7fc145b5] - connection established successfully after 708.47 milliseconds"}
{"level":"INFO","message":"[5:30:48.125 PM]: Creating new connection object"}
{"level":"INFO","message":"[5:30:48.128 PM]: Creating Connection[id: 090c8f5c-f067-4f02-b077-b46325faf375] with host: EBQVWVE-HQ46962.snowflakecomputing.com, account: EBQVWVE-HQ46962, accessUrl: https://EBQVWVE-HQ46962.snowflakecomputing.com, user: OHOOHOHOH, role: undefined, database: CLUEZERO_DEV, schema: AD_DATA, warehouse: COMPUTE_WH, proxy was not configured, password is provided, region: undefined, authenticator: SNOWFLAKE, ocsp mode: FAIL_OPEN, os: darwin, os version: 23.4.0"}
{"level":"INFO","message":"[5:30:48.128 PM]: Connection[id: 090c8f5c-f067-4f02-b077-b46325faf375] additional details: passcode in password is provided, passcode is not provided, private key is not provided, application: undefined, client name: snowflake-sdk, client version: 2.3.6, retry timeout: 300, private key path: undefined, private key pass is not provided, client store temporary credential: false, browser response timeout: 120000"}
{"level":"INFO","message":"[5:30:48.128 PM]: Connection[id: 090c8f5c-f067-4f02-b077-b46325faf375] - connection object created successfully."}
{"level":"INFO","message":"[5:30:48.128 PM]: Connection[id: 090c8f5c-f067-4f02-b077-b46325faf375] - async connecting. Associated Snowflake domain: GLOBAL"}
{"level":"INFO","message":"[5:30:48.128 PM]: Connection[id: 090c8f5c-f067-4f02-b077-b46325faf375] - authentication successful using: SNOWFLAKE"}
{"level":"INFO","message":"[5:30:48.416 PM]: Connection[id: 090c8f5c-f067-4f02-b077-b46325faf375] - connection established successfully after 288.06 milliseconds"}
{"level":"INFO","message":"[5:52:21.902 PM]: Creating new connection object"}
{"level":"INFO","message":"[5:52:21.906 PM]: Creating Connection[id: dbb17cf1-0604-47c9-a88a-d8e278c57de1] with host: EBQVWVE-HQ46962.snowflakecomputing.com, account: EBQVWVE-HQ46962, accessUrl: https://EBQVWVE-HQ46962.snowflakecomputing.com, user: OHOOHOHOH, role: undefined, database: CLUEZERO_DEV, schema: AD_DATA, warehouse: COMPUTE_WH, proxy was not configured, password is provided, region: undefined, authenticator: SNOWFLAKE, ocsp mode: FAIL_OPEN, os: darwin, os version: 23.4.0"}
{"level":"INFO","message":"[5:52:21.906 PM]: Connection[id: dbb17cf1-0604-47c9-a88a-d8e278c57de1] additional details: passcode in password is provided, passcode is not provided, private key is not provided, application: undefined, client name: snowflake-sdk, client version: 2.3.6, retry timeout: 300, private key path: undefined, private key pass is not provided, client store temporary credential: false, browser response timeout: 120000"}
{"level":"INFO","message":"[5:52:21.907 PM]: Connection[id: dbb17cf1-0604-47c9-a88a-d8e278c57de1] - connection object created successfully."}
{"level":"INFO","message":"[5:52:21.907 PM]: Connection[id: dbb17cf1-0604-47c9-a88a-d8e278c57de1] - async connecting. Associated Snowflake domain: GLOBAL"}
{"level":"INFO","message":"[5:52:21.907 PM]: Connection[id: dbb17cf1-0604-47c9-a88a-d8e278c57de1] - authentication successful using: SNOWFLAKE"}
{"level":"INFO","message":"[5:52:22.409 PM]: Connection[id: dbb17cf1-0604-47c9-a88a-d8e278c57de1] - connection established successfully after 502.09 milliseconds"}
{"level":"INFO","message":"[9:47:04.112 PM]: Creating new connection object"}
{"level":"INFO","message":"[9:47:04.181 PM]: Creating Connection[id: 1059e9d0-ba20-4bff-a2a8-759c96fe8a79] with host: EBQVWVE-HQ46962.snowflakecomputing.com, account: EBQVWVE-HQ46962, accessUrl: https://EBQVWVE-HQ46962.snowflakecomputing.com, user: OHOOHOHOH, role: undefined, database: CLUEZERO_DEV, schema: AD_DATA, warehouse: COMPUTE_WH, proxy was not configured, password is provided, region: undefined, authenticator: SNOWFLAKE, ocsp mode: FAIL_OPEN, os: darwin, os version: 23.4.0"}
{"level":"INFO","message":"[9:47:04.182 PM]: Connection[id: 1059e9d0-ba20-4bff-a2a8-759c96fe8a79] additional details: passcode in password is provided, passcode is not provided, private key is not provided, application: undefined, client name: snowflake-sdk, client version: 2.3.6, retry timeout: 300, private key path: undefined, private key pass is not provided, client store temporary credential: false, browser response timeout: 120000"}
{"level":"INFO","message":"[9:47:04.182 PM]: Connection[id: 1059e9d0-ba20-4bff-a2a8-759c96fe8a79] - connection object created successfully."}
{"level":"INFO","message":"[9:47:04.183 PM]: Connection[id: 1059e9d0-ba20-4bff-a2a8-759c96fe8a79] - async connecting. Associated Snowflake domain: GLOBAL"}
{"level":"INFO","message":"[9:47:04.184 PM]: Trying to initialize Easy Logging"}
{"level":"INFO","message":"[9:47:04.185 PM]: No client config detected."}
{"level":"INFO","message":"[9:47:04.186 PM]: No config file path found. Client config will not be used."}
{"level":"INFO","message":"[9:47:04.186 PM]: Easy Logging is disabled as no config has been found"}
{"level":"INFO","message":"[9:47:04.186 PM]: Connection[id: 1059e9d0-ba20-4bff-a2a8-759c96fe8a79] - authentication successful using: SNOWFLAKE"}
{"level":"ERROR","message":"[9:47:04.807 PM]: Connection[id: 1059e9d0-ba20-4bff-a2a8-759c96fe8a79] - connection failed after 623.71 milliseconds. Error: Incorrect username or password was specified."}
{"level":"INFO","message":"[9:47:17.263 PM]: Creating new connection object"}
{"level":"INFO","message":"[9:47:17.264 PM]: Creating Connection[id: b6905ed0-c578-4dc4-a6ac-1d60638f1d05] with host: EBQVWVE-HQ46962.snowflakecomputing.com, account: EBQVWVE-HQ46962, accessUrl: https://EBQVWVE-HQ46962.snowflakecomputing.com, user: OHOOHOHOH, role: undefined, database: CLUEZERO_DEV, schema: AD_DATA, warehouse: COMPUTE_WH, proxy was not configured, password is provided, region: undefined, authenticator: SNOWFLAKE, ocsp mode: FAIL_OPEN, os: darwin, os version: 23.4.0"}
{"level":"INFO","message":"[9:47:17.265 PM]: Connection[id: b6905ed0-c578-4dc4-a6ac-1d60638f1d05] additional details: passcode in password is provided, passcode is not provided, private key is not provided, application: undefined, client name: snowflake-sdk, client version: 2.3.6, retry timeout: 300, private key path: undefined, private key pass is not provided, client store temporary credential: false, browser response timeout: 120000"}
{"level":"INFO","message":"[9:47:17.265 PM]: Connection[id: b6905ed0-c578-4dc4-a6ac-1d60638f1d05] - connection object created successfully."}
{"level":"INFO","message":"[9:47:17.265 PM]: Connection[id: b6905ed0-c578-4dc4-a6ac-1d60638f1d05] - async connecting. Associated Snowflake domain: GLOBAL"}
{"level":"INFO","message":"[9:47:17.265 PM]: Connection[id: b6905ed0-c578-4dc4-a6ac-1d60638f1d05] - authentication successful using: SNOWFLAKE"}
{"level":"INFO","message":"[9:47:17.591 PM]: Connection[id: b6905ed0-c578-4dc4-a6ac-1d60638f1d05] - connection established successfully after 326.38 milliseconds"}
{"level":"INFO","message":"[9:47:17.592 PM]: Creating new connection object"}
{"level":"INFO","message":"[9:47:17.593 PM]: Creating Connection[id: 7b787f50-427a-45c3-bcac-826ecc4f96b0] with host: EBQVWVE-HQ46962.snowflakecomputing.com, account: EBQVWVE-HQ46962, accessUrl: https://EBQVWVE-HQ46962.snowflakecomputing.com, user: OHOOHOHOH, role: undefined, database: CLUEZERO_DEV, schema: AD_DATA, warehouse: COMPUTE_WH, proxy was not configured, password is provided, region: undefined, authenticator: SNOWFLAKE, ocsp mode: FAIL_OPEN, os: darwin, os version: 23.4.0"}
{"level":"INFO","message":"[9:47:17.593 PM]: Connection[id: 7b787f50-427a-45c3-bcac-826ecc4f96b0] additional details: passcode in password is provided, passcode is not provided, private key is not provided, application: undefined, client name: snowflake-sdk, client version: 2.3.6, retry timeout: 300, private key path: undefined, private key pass is not provided, client store temporary credential: false, browser response timeout: 120000"}
{"level":"INFO","message":"[9:47:17.594 PM]: Connection[id: 7b787f50-427a-45c3-bcac-826ecc4f96b0] - connection object created successfully."}
{"level":"INFO","message":"[9:47:17.594 PM]: Connection[id: 7b787f50-427a-45c3-bcac-826ecc4f96b0] - async connecting. Associated Snowflake domain: GLOBAL"}
{"level":"INFO","message":"[9:47:17.594 PM]: Connection[id: 7b787f50-427a-45c3-bcac-826ecc4f96b0] - authentication successful using: SNOWFLAKE"}
{"level":"INFO","message":"[9:47:18.115 PM]: Connection[id: 7b787f50-427a-45c3-bcac-826ecc4f96b0] - connection established successfully after 520.69 milliseconds"}
{"level":"INFO","message":"[9:47:28.423 PM]: Creating new connection object"}
{"level":"INFO","message":"[9:47:28.425 PM]: Creating Connection[id: 30d1b509-2cff-4c5c-b084-60431754d01b] with host: EBQVWVE-HQ46962.snowflakecomputing.com, account: EBQVWVE-HQ46962, accessUrl: https://EBQVWVE-HQ46962.snowflakecomputing.com, user: OHOOHOHOH, role: undefined, database: CLUEZERO_DEV, schema: AD_DATA, warehouse: COMPUTE_WH, proxy was not configured, password is provided, region: undefined, authenticator: SNOWFLAKE, ocsp mode: FAIL_OPEN, os: darwin, os version: 23.4.0"}
{"level":"INFO","message":"[9:47:28.425 PM]: Connection[id: 30d1b509-2cff-4c5c-b084-60431754d01b] additional details: passcode in password is provided, passcode is not provided, private key is not provided, application: undefined, client name: snowflake-sdk, client version: 2.3.6, retry timeout: 300, private key path: undefined, private key pass is not provided, client store temporary credential: false, browser response timeout: 120000"}
{"level":"INFO","message":"[9:47:28.425 PM]: Connection[id: 30d1b509-2cff-4c5c-b084-60431754d01b] - connection object created successfully."}
{"level":"INFO","message":"[9:47:28.425 PM]: Connection[id: 30d1b509-2cff-4c5c-b084-60431754d01b] - async connecting. Associated Snowflake domain: GLOBAL"}
{"level":"INFO","message":"[9:47:28.426 PM]: Connection[id: 30d1b509-2cff-4c5c-b084-60431754d01b] - authentication successful using: SNOWFLAKE"}
{"level":"INFO","message":"[9:47:28.733 PM]: Connection[id: 30d1b509-2cff-4c5c-b084-60431754d01b] - connection established successfully after 307.2 milliseconds"}
{"level":"INFO","message":"[10:02:51.854 PM]: Creating new connection object"}
{"level":"INFO","message":"[10:02:51.858 PM]: Creating Connection[id: f473c5f4-af2b-47e8-a2a7-214445c515ee] with host: EBQVWVE-HQ46962.snowflakecomputing.com, account: EBQVWVE-HQ46962, accessUrl: https://EBQVWVE-HQ46962.snowflakecomputing.com, user: OHOOHOHOH, role: undefined, database: CLUEZERO_DEV, schema: AD_DATA, warehouse: COMPUTE_WH, proxy was not configured, password is provided, region: undefined, authenticator: SNOWFLAKE, ocsp mode: FAIL_OPEN, os: darwin, os version: 23.4.0"}
{"level":"INFO","message":"[10:02:51.858 PM]: Connection[id: f473c5f4-af2b-47e8-a2a7-214445c515ee] additional details: passcode in password is provided, passcode is not provided, private key is not provided, application: undefined, client name: snowflake-sdk, client version: 2.3.6, retry timeout: 300, private key path: undefined, private key pass is not provided, client store temporary credential: false, browser response timeout: 120000"}
{"level":"INFO","message":"[10:02:51.858 PM]: Connection[id: f473c5f4-af2b-47e8-a2a7-214445c515ee] - connection object created successfully."}
{"level":"INFO","message":"[10:02:51.858 PM]: Connection[id: f473c5f4-af2b-47e8-a2a7-214445c515ee] - async connecting. Associated Snowflake domain: GLOBAL"}
{"level":"INFO","message":"[10:02:51.859 PM]: Connection[id: f473c5f4-af2b-47e8-a2a7-214445c515ee] - authentication successful using: SNOWFLAKE"}
{"level":"INFO","message":"[10:02:52.421 PM]: Connection[id: f473c5f4-af2b-47e8-a2a7-214445c515ee] - connection established successfully after 562.66 milliseconds"}
{"level":"INFO","message":"[10:09:26.169 PM]: Creating new connection object"}
{"level":"INFO","message":"[10:09:26.172 PM]: Creating Connection[id: d05b0b4c-1fe0-4a41-b11b-027d2dc52bc2] with host: EBQVWVE-HQ46962.snowflakecomputing.com, account: EBQVWVE-HQ46962, accessUrl: https://EBQVWVE-HQ46962.snowflakecomputing.com, user: OHOOHOHOH, role: undefined, database: CLUEZERO_DEV, schema: AD_DATA, warehouse: COMPUTE_WH, proxy was not configured, password is provided, region: undefined, authenticator: SNOWFLAKE, ocsp mode: FAIL_OPEN, os: darwin, os version: 23.4.0"}
{"level":"INFO","message":"[10:09:26.172 PM]: Connection[id: d05b0b4c-1fe0-4a41-b11b-027d2dc52bc2] additional details: passcode in password is provided, passcode is not provided, private key is not provided, application: undefined, client name: snowflake-sdk, client version: 2.3.6, retry timeout: 300, private key path: undefined, private key pass is not provided, client store temporary credential: false, browser response timeout: 120000"}
{"level":"INFO","message":"[10:09:26.172 PM]: Connection[id: d05b0b4c-1fe0-4a41-b11b-027d2dc52bc2] - connection object created successfully."}
{"level":"INFO","message":"[10:09:26.172 PM]: Connection[id: d05b0b4c-1fe0-4a41-b11b-027d2dc52bc2] - async connecting. Associated Snowflake domain: GLOBAL"}
{"level":"INFO","message":"[10:09:26.172 PM]: Connection[id: d05b0b4c-1fe0-4a41-b11b-027d2dc52bc2] - authentication successful using: SNOWFLAKE"}
{"level":"INFO","message":"[10:09:26.600 PM]: Connection[id: d05b0b4c-1fe0-4a41-b11b-027d2dc52bc2] - connection established successfully after 427.47 milliseconds"}
{"level":"INFO","message":"[10:09:26.600 PM]: Creating new connection object"}
{"level":"INFO","message":"[10:09:26.600 PM]: Creating Connection[id: 1c0f8f1a-44ad-4826-90c3-106371422578] with host: EBQVWVE-HQ46962.snowflakecomputing.com, account: EBQVWVE-HQ46962, accessUrl: https://EBQVWVE-HQ46962.snowflakecomputing.com, user: OHOOHOHOH, role: undefined, database: CLUEZERO_DEV, schema: AD_DATA, warehouse: COMPUTE_WH, proxy was not configured, password is provided, region: undefined, authenticator: SNOWFLAKE, ocsp mode: FAIL_OPEN, os: darwin, os version: 23.4.0"}
{"level":"INFO","message":"[10:09:26.601 PM]: Connection[id: 1c0f8f1a-44ad-4826-90c3-106371422578] additional details: passcode in password is provided, passcode is not provided, private key is not provided, application: undefined, client name: snowflake-sdk, client version: 2.3.6, retry timeout: 300, private key path: undefined, private key pass is not provided, client store temporary credential: false, browser response timeout: 120000"}
{"level":"INFO","message":"[10:09:26.601 PM]: Connection[id: 1c0f8f1a-44ad-4826-90c3-106371422578] - connection object created successfully."}
{"level":"INFO","message":"[10:09:26.601 PM]: Connection[id: 1c0f8f1a-44ad-4826-90c3-106371422578] - async connecting. Associated Snowflake domain: GLOBAL"}
{"level":"INFO","message":"[10:09:26.601 PM]: Connection[id: 1c0f8f1a-44ad-4826-90c3-106371422578] - authentication successful using: SNOWFLAKE"}
{"level":"INFO","message":"[10:09:26.778 PM]: Connection[id: 1c0f8f1a-44ad-4826-90c3-106371422578] - connection established successfully after 177.47 milliseconds"}
{"level":"INFO","message":"[10:09:35.694 PM]: Creating new connection object"}
{"level":"INFO","message":"[10:09:35.695 PM]: Creating Connection[id: 2947ad81-84aa-41ae-b292-1fd5d8c05ce9] with host: EBQVWVE-HQ46962.snowflakecomputing.com, account: EBQVWVE-HQ46962, accessUrl: https://EBQVWVE-HQ46962.snowflakecomputing.com, user: OHOOHOHOH, role: undefined, database: CLUEZERO_DEV, schema: AD_DATA, warehouse: COMPUTE_WH, proxy was not configured, password is provided, region: undefined, authenticator: SNOWFLAKE, ocsp mode: FAIL_OPEN, os: darwin, os version: 23.4.0"}
{"level":"INFO","message":"[10:09:35.696 PM]: Connection[id: 2947ad81-84aa-41ae-b292-1fd5d8c05ce9] additional details: passcode in password is provided, passcode is not provided, private key is not provided, application: undefined, client name: snowflake-sdk, client version: 2.3.6, retry timeout: 300, private key path: undefined, private key pass is not provided, client store temporary credential: false, browser response timeout: 120000"}
{"level":"INFO","message":"[10:09:35.696 PM]: Connection[id: 2947ad81-84aa-41ae-b292-1fd5d8c05ce9] - connection object created successfully."}
{"level":"INFO","message":"[10:09:35.696 PM]: Connection[id: 2947ad81-84aa-41ae-b292-1fd5d8c05ce9] - async connecting. Associated Snowflake domain: GLOBAL"}
{"level":"INFO","message":"[10:09:35.696 PM]: Connection[id: 2947ad81-84aa-41ae-b292-1fd5d8c05ce9] - authentication successful using: SNOWFLAKE"}
{"level":"INFO","message":"[10:09:36.405 PM]: Connection[id: 2947ad81-84aa-41ae-b292-1fd5d8c05ce9] - connection established successfully after 708.65 milliseconds"}
{"level":"INFO","message":"[12:51:13.130 PM]: Creating new connection object"}
{"level":"INFO","message":"[12:51:13.141 PM]: Creating Connection[id: 0941fca9-4808-45d6-a42f-3bc4be25fd4e] with host: EBQVWVE-HQ46962.snowflakecomputing.com, account: EBQVWVE-HQ46962, accessUrl: https://EBQVWVE-HQ46962.snowflakecomputing.com, user: OHOOHOHOH, role: undefined, database: CLUEZERO_DEV, schema: AD_DATA, warehouse: COMPUTE_WH, proxy was not configured, password is provided, region: undefined, authenticator: SNOWFLAKE, ocsp mode: FAIL_OPEN, os: darwin, os version: 23.4.0"}
{"level":"INFO","message":"[12:51:13.143 PM]: Connection[id: 0941fca9-4808-45d6-a42f-3bc4be25fd4e] additional details: passcode in password is provided, passcode is not provided, private key is not provided, application: undefined, client name: snowflake-sdk, client version: 2.3.6, retry timeout: 300, private key path: undefined, private key pass is not provided, client store temporary credential: false, browser response timeout: 120000"}
{"level":"INFO","message":"[12:51:13.143 PM]: Connection[id: 0941fca9-4808-45d6-a42f-3bc4be25fd4e] - connection object created successfully."}
{"level":"INFO","message":"[12:51:13.143 PM]: Connection[id: 0941fca9-4808-45d6-a42f-3bc4be25fd4e] - async connecting. Associated Snowflake domain: GLOBAL"}
{"level":"INFO","message":"[12:51:13.144 PM]: Trying to initialize Easy Logging"}
{"level":"INFO","message":"[12:51:13.146 PM]: No client config detected."}
{"level":"INFO","message":"[12:51:13.146 PM]: No config file path found. Client config will not be used."}
{"level":"INFO","message":"[12:51:13.146 PM]: Easy Logging is disabled as no config has been found"}
{"level":"INFO","message":"[12:51:13.147 PM]: Connection[id: 0941fca9-4808-45d6-a42f-3bc4be25fd4e] - authentication successful using: SNOWFLAKE"}
{"level":"INFO","message":"[12:51:13.717 PM]: Connection[id: 0941fca9-4808-45d6-a42f-3bc4be25fd4e] - connection established successfully after 574.07 milliseconds"}
{"level":"INFO","message":"[12:51:13.718 PM]: Creating new connection object"}
{"level":"INFO","message":"[12:51:13.719 PM]: Creating Connection[id: f63644fe-8354-4047-b030-ecf00d8498ff] with host: EBQVWVE-HQ46962.snowflakecomputing.com, account: EBQVWVE-HQ46962, accessUrl: https://EBQVWVE-HQ46962.snowflakecomputing.com, user: OHOOHOHOH, role: undefined, database: CLUEZERO_DEV, schema: AD_DATA, warehouse: COMPUTE_WH, proxy was not configured, password is provided, region: undefined, authenticator: SNOWFLAKE, ocsp mode: FAIL_OPEN, os: darwin, os version: 23.4.0"}
{"level":"INFO","message":"[12:51:13.719 PM]: Connection[id: f63644fe-8354-4047-b030-ecf00d8498ff] additional details: passcode in password is provided, passcode is not provided, private key is not provided, application: undefined, client name: snowflake-sdk, client version: 2.3.6, retry timeout: 300, private key path: undefined, private key pass is not provided, client store temporary credential: false, browser response timeout: 120000"}
{"level":"INFO","message":"[12:51:13.719 PM]: Connection[id: f63644fe-8354-4047-b030-ecf00d8498ff] - connection object created successfully."}
{"level":"INFO","message":"[12:51:13.720 PM]: Connection[id: f63644fe-8354-4047-b030-ecf00d8498ff] - async connecting. Associated Snowflake domain: GLOBAL"}
{"level":"INFO","message":"[12:51:13.720 PM]: Connection[id: f63644fe-8354-4047-b030-ecf00d8498ff] - authentication successful using: SNOWFLAKE"}
{"level":"INFO","message":"[12:51:14.122 PM]: Connection[id: f63644fe-8354-4047-b030-ecf00d8498ff] - connection established successfully after 402.49 milliseconds"}
{"level":"INFO","message":"[12:51:19.859 PM]: Creating new connection object"}
{"level":"INFO","message":"[12:51:19.861 PM]: Creating Connection[id: d77fee7e-92b9-43a8-81c2-8f9ce3e87256] with host: EBQVWVE-HQ46962.snowflakecomputing.com, account: EBQVWVE-HQ46962, accessUrl: https://EBQVWVE-HQ46962.snowflakecomputing.com, user: OHOOHOHOH, role: undefined, database: CLUEZERO_DEV, schema: AD_DATA, warehouse: COMPUTE_WH, proxy was not configured, password is provided, region: undefined, authenticator: SNOWFLAKE, ocsp mode: FAIL_OPEN, os: darwin, os version: 23.4.0"}
{"level":"INFO","message":"[12:51:19.862 PM]: Connection[id: d77fee7e-92b9-43a8-81c2-8f9ce3e87256] additional details: passcode in password is provided, passcode is not provided, private key is not provided, application: undefined, client name: snowflake-sdk, client version: 2.3.6, retry timeout: 300, private key path: undefined, private key pass is not provided, client store temporary credential: false, browser response timeout: 120000"}
{"level":"INFO","message":"[12:51:19.862 PM]: Connection[id: d77fee7e-92b9-43a8-81c2-8f9ce3e87256] - connection object created successfully."}
{"level":"INFO","message":"[12:51:19.863 PM]: Connection[id: d77fee7e-92b9-43a8-81c2-8f9ce3e87256] - async connecting. Associated Snowflake domain: GLOBAL"}
{"level":"INFO","message":"[12:51:19.863 PM]: Connection[id: d77fee7e-92b9-43a8-81c2-8f9ce3e87256] - authentication successful using: SNOWFLAKE"}
{"level":"INFO","message":"[12:51:20.273 PM]: Connection[id: d77fee7e-92b9-43a8-81c2-8f9ce3e87256] - connection established successfully after 409.86 milliseconds"}
{"level":"INFO","message":"[12:56:34.334 PM]: Creating new connection object"}
{"level":"INFO","message":"[12:56:34.354 PM]: Creating Connection[id: 0b53cfe8-acca-4bd5-8903-fbb0ded4b083] with host: EBQVWVE-HQ46962.snowflakecomputing.com, account: EBQVWVE-HQ46962, accessUrl: https://EBQVWVE-HQ46962.snowflakecomputing.com, user: OHOOHOHOH, role: undefined, database: CLUEZERO_DEV, schema: AD_DATA, warehouse: COMPUTE_WH, proxy was not configured, password is provided, region: undefined, authenticator: SNOWFLAKE, ocsp mode: FAIL_OPEN, os: darwin, os version: 23.4.0"}
{"level":"INFO","message":"[12:56:34.355 PM]: Connection[id: 0b53cfe8-acca-4bd5-8903-fbb0ded4b083] additional details: passcode in password is provided, passcode is not provided, private key is not provided, application: undefined, client name: snowflake-sdk, client version: 2.3.6, retry timeout: 300, private key path: undefined, private key pass is not provided, client store temporary credential: false, browser response timeout: 120000"}
{"level":"INFO","message":"[12:56:34.355 PM]: Connection[id: 0b53cfe8-acca-4bd5-8903-fbb0ded4b083] - connection object created successfully."}
{"level":"INFO","message":"[12:56:34.356 PM]: Connection[id: 0b53cfe8-acca-4bd5-8903-fbb0ded4b083] - async connecting. Associated Snowflake domain: GLOBAL"}
{"level":"INFO","message":"[12:56:34.356 PM]: Trying to initialize Easy Logging"}
{"level":"INFO","message":"[12:56:34.359 PM]: No client config detected."}
{"level":"INFO","message":"[12:56:34.359 PM]: No config file path found. Client config will not be used."}
{"level":"INFO","message":"[12:56:34.359 PM]: Easy Logging is disabled as no config has been found"}
{"level":"INFO","message":"[12:56:34.360 PM]: Connection[id: 0b53cfe8-acca-4bd5-8903-fbb0ded4b083] - authentication successful using: SNOWFLAKE"}
{"level":"INFO","message":"[12:56:35.361 PM]: Connection[id: 0b53cfe8-acca-4bd5-8903-fbb0ded4b083] - connection established successfully after 1004.87 milliseconds"}
{"level":"INFO","message":"[12:59:05.927 PM]: Creating new connection object"}
{"level":"INFO","message":"[12:59:05.935 PM]: Creating Connection[id: 0d3b3674-a81f-48fb-8620-e1d2bd3cce2e] with host: EBQVWVE-HQ46962.snowflakecomputing.com, account: EBQVWVE-HQ46962, accessUrl: https://EBQVWVE-HQ46962.snowflakecomputing.com, user: OHOOHOHOH, role: undefined, database: CLUEZERO_DEV, schema: AD_DATA, warehouse: COMPUTE_WH, proxy was not configured, password is provided, region: undefined, authenticator: SNOWFLAKE, ocsp mode: FAIL_OPEN, os: darwin, os version: 23.4.0"}
{"level":"INFO","message":"[12:59:05.936 PM]: Connection[id: 0d3b3674-a81f-48fb-8620-e1d2bd3cce2e] additional details: passcode in password is provided, passcode is not provided, private key is not provided, application: undefined, client name: snowflake-sdk, client version: 2.3.6, retry timeout: 300, private key path: undefined, private key pass is not provided, client store temporary credential: false, browser response timeout: 120000"}
{"level":"INFO","message":"[12:59:05.936 PM]: Connection[id: 0d3b3674-a81f-48fb-8620-e1d2bd3cce2e] - connection object created successfully."}
{"level":"INFO","message":"[12:59:05.936 PM]: Connection[id: 0d3b3674-a81f-48fb-8620-e1d2bd3cce2e] - async connecting. Associated Snowflake domain: GLOBAL"}
{"level":"INFO","message":"[12:59:05.937 PM]: Connection[id: 0d3b3674-a81f-48fb-8620-e1d2bd3cce2e] - authentication successful using: SNOWFLAKE"}
{"level":"INFO","message":"[12:59:06.301 PM]: Connection[id: 0d3b3674-a81f-48fb-8620-e1d2bd3cce2e] - connection established successfully after 364.16 milliseconds"}
